#
# A fatal error has been detected by the Java Runtime Environment:
#
#  EXCEPTION_ACCESS_VIOLATION (0xc0000005) at pc=0x00000000629a2270, pid=1840, tid=0x0000000000002b90
#
# JRE version: OpenJDK Runtime Environment (8.0_322-b06) (build 1.8.0_322-b06)
# Java VM: OpenJDK 64-Bit Server VM (25.322-b06 mixed mode windows-amd64 compressed oops)
# Problematic frame:
# V  [jvm.dll+0x92270]
#
# Failed to write core dump. Minidumps are not enabled by default on client versions of Windows
#
# If you would like to submit a bug report, please visit:
#   https://github.com/corretto/corretto-8/issues/
#

---------------  T H R E A D  ---------------

Current thread (0x00000281243bb000):  GCTaskThread [stack: 0x000000da2ed00000,0x000000da2ee00000] [id=11152]

siginfo: ExceptionCode=0xc0000005, reading address 0x0000000000000008

Registers:
RAX=0x0000000000000000, RBX=0x00000000fe066098, RCX=0x00000000ffffffff, RDX=0x0000000000000000
RSP=0x000000da2edff4c8, RBP=0x000000da2edff600, RSI=0x0000028137af0e40, RDI=0x00000000ffffffff
R8 =0x0000028137af0e40, R9 =0x0000000000000001, R10=0x000000000000000c, R11=0x000000da2edff530
R12=0x0000000000c00000, R13=0x0000000000000000, R14=0x0000028137af0ee0, R15=0x0000028137af0e40
RIP=0x00000000629a2270, EFLAGS=0x0000000000010246

Top of Stack: (sp=0x000000da2edff4c8)
0x000000da2edff4c8:   0000000062cf0920 00000000ffc5d980
0x000000da2edff4d8:   0000000000000003 0000028137af0e40
0x000000da2edff4e8:   00000000fe0649d0 0000028100000001
0x000000da2edff4f8:   0000000062a03e01 0000028137af0e68
0x000000da2edff508:   0000000062b718c1 00000000ffc5c710
0x000000da2edff518:   0000000000001000 00000000fd1b7458
0x000000da2edff528:   0000000000000400 0000028137af0e40
0x000000da2edff538:   0000028137af0ee0 0000000000000000
0x000000da2edff548:   00000281243a6b00 00000000fe068168
0x000000da2edff558:   0000000062cf07c0 00000000fe066098
0x000000da2edff568:   000000da2edff600 0000028137af0e40
0x000000da2edff578:   0000000062f44e48 00000000fe066098
0x000000da2edff588:   0000000062cf18aa 0000000000000001
0x000000da2edff598:   00007ffacc4e2a4e 0000028137af0e68
0x000000da2edff5a8:   0000000062a03e1e 0000028137af0e40
0x000000da2edff5b8:   00000000629f4f20 0000000000000000 

Instructions: (pc=0x00000000629a2270)
0x00000000629a2250:   6f 00 e9 19 00 00 00 48 8b 51 08 48 8b c8 e9 0d
0x00000000629a2260:   00 00 00 cc cc cc cc cc cc cc cc cc cc cc cc cc
0x00000000629a2270:   44 8b 42 08 4c 8b ca 45 85 c0 7e 0e 41 f6 c0 01
0x00000000629a2280:   75 57 41 c1 f8 03 41 8b c0 c3 79 4d 80 3d 85 8c 


Register to memory mapping:

RAX=0x0000000000000000 is an unknown value
RBX=0x00000000fe066098 is an oop

[error occurred during error reporting (printing register info), id 0xc0000005]

Stack: [0x000000da2ed00000,0x000000da2ee00000],  sp=0x000000da2edff4c8,  free space=1021k
Native frames: (J=compiled Java code, j=interpreted, Vv=VM code, C=native code)
V  [jvm.dll+0x92270]


---------------  P R O C E S S  ---------------

Java Threads: ( => current thread )
  0x0000028142978800 JavaThread "lettuce-eventExecutorLoop-1-2" daemon [_thread_blocked, id=22924, stack(0x000000da32700000,0x000000da32800000)]
  0x0000028142977800 JavaThread "lettuce-eventExecutorLoop-1-1" daemon [_thread_blocked, id=26896, stack(0x000000da32600000,0x000000da32700000)]
  0x0000028142976800 JavaThread "lettuce-nioEventLoop-4-1" daemon [_thread_in_native, id=22904, stack(0x000000da32500000,0x000000da32600000)]
  0x0000028140eb4000 JavaThread "RMI TCP Connection(6)-192.168.101.92" daemon [_thread_in_native, id=24016, stack(0x000000da31a00000,0x000000da31b00000)]
  0x0000028140eb7000 JavaThread "ForkJoinPool.commonPool-worker-3" daemon [_thread_blocked, id=28456, stack(0x000000da32400000,0x000000da32500000)]
  0x0000028140eac000 JavaThread "ForkJoinPool.commonPool-worker-15" daemon [_thread_blocked, id=27652, stack(0x000000da32300000,0x000000da32400000)]
  0x0000028140eb2800 JavaThread "ForkJoinPool.commonPool-worker-8" daemon [_thread_blocked, id=25808, stack(0x000000da32200000,0x000000da32300000)]
  0x0000028140eaf800 JavaThread "ForkJoinPool.commonPool-worker-1" daemon [_thread_blocked, id=10496, stack(0x000000da32100000,0x000000da32200000)]
  0x0000028140eb1800 JavaThread "ForkJoinPool.commonPool-worker-10" daemon [_thread_blocked, id=12232, stack(0x000000da32000000,0x000000da32100000)]
  0x0000028140eaa000 JavaThread "ForkJoinPool.commonPool-worker-6" daemon [_thread_blocked, id=26700, stack(0x000000da31f00000,0x000000da32000000)]
  0x0000028140eb1000 JavaThread "ForkJoinPool.commonPool-worker-13" daemon [_thread_blocked, id=15636, stack(0x000000da31e00000,0x000000da31f00000)]
  0x0000028140ead000 JavaThread "ForkJoinPool.commonPool-worker-4" daemon [_thread_blocked, id=25940, stack(0x000000da31d00000,0x000000da31e00000)]
  0x0000028140eaa800 JavaThread "ForkJoinPool.commonPool-worker-11" daemon [_thread_blocked, id=19012, stack(0x000000da31c00000,0x000000da31d00000)]
  0x0000028140eb0000 JavaThread "ForkJoinPool.commonPool-worker-2" daemon [_thread_blocked, id=11840, stack(0x000000da31b00000,0x000000da31c00000)]
  0x0000028140093800 JavaThread "mysql-cj-abandoned-connection-cleanup" daemon [_thread_blocked, id=22428, stack(0x000000da31900000,0x000000da31a00000)]
  0x0000028140094800 JavaThread "container-0" [_thread_blocked, id=23260, stack(0x000000da31800000,0x000000da31900000)]
  0x0000028140092000 JavaThread "Catalina-utility-2" [_thread_blocked, id=24632, stack(0x000000da31700000,0x000000da31800000)]
  0x0000028140091000 JavaThread "Catalina-utility-1" [_thread_blocked, id=19132, stack(0x000000da2e300000,0x000000da2e400000)]
  0x000002813e858800 JavaThread "Keep-Alive-Timer" daemon [_thread_blocked, id=25296, stack(0x000000da31600000,0x000000da31700000)]
  0x00000281390d6000 JavaThread "RMI TCP Connection(4)-192.168.101.92" daemon [_thread_in_native, id=3028, stack(0x000000da30a00000,0x000000da30b00000)]
  0x00000281390d3800 JavaThread "com.alibaba.nacos.client.Worker.fixed-39.108.228.2_8848-a7a755f8-46e4-4c3a-b688-f2c4f4c7deff" daemon [_thread_blocked, id=9752, stack(0x000000da31500000,0x000000da31600000)]
  0x00000281390d1000 JavaThread "com.alibaba.nacos.client.config.security.updater" daemon [_thread_blocked, id=17288, stack(0x000000da31200000,0x000000da31300000)]
  0x00000281390d0800 JavaThread "com.alibaba.nacos.client.identify.watcher.0" daemon [_thread_blocked, id=25040, stack(0x000000da31100000,0x000000da31200000)]
  0x000002813b96e000 JavaThread "RMI Scheduler(0)" daemon [_thread_blocked, id=25348, stack(0x000000da31400000,0x000000da31500000)]
  0x000002813b96c000 JavaThread "RMI TCP Connection(2)-192.168.101.92" daemon [_thread_in_native, id=23768, stack(0x000000da31300000,0x000000da31400000)]
  0x0000028139097000 JavaThread "RMI TCP Accept-0" daemon [_thread_blocked, id=27092, stack(0x000000da2fe00000,0x000000da2ff00000)]
  0x0000028139099800 JavaThread "Service Thread" daemon [_thread_blocked, id=21676, stack(0x000000da30f00000,0x000000da31000000)]
  0x000002813909c000 JavaThread "C1 CompilerThread3" daemon [_thread_blocked, id=25712, stack(0x000000da30e00000,0x000000da30f00000)]
  0x000002813a186800 JavaThread "C2 CompilerThread2" daemon [_thread_blocked, id=24992, stack(0x000000da30d00000,0x000000da30e00000)]
  0x000002813a186000 JavaThread "C2 CompilerThread1" daemon [_thread_blocked, id=26428, stack(0x000000da30c00000,0x000000da30d00000)]
  0x000002813a180000 JavaThread "C2 CompilerThread0" daemon [_thread_blocked, id=4576, stack(0x000000da30b00000,0x000000da30c00000)]
  0x000002813909b000 JavaThread "rebel-build-info" daemon [_thread_in_native, id=18140, stack(0x000000da30900000,0x000000da30a00000)]
  0x0000028139091800 JavaThread "rebel-change-detector-thread" daemon [_thread_blocked, id=3120, stack(0x000000da30800000,0x000000da30900000)]
  0x0000028139098800 JavaThread "rebel-debugger-thread" daemon [_thread_blocked, id=19608, stack(0x000000da30200000,0x000000da30300000)]
  0x0000028139096800 JavaThread "rebel-debugger-attach-notifier" daemon [_thread_blocked, id=26808, stack(0x000000da30100000,0x000000da30200000)]
  0x0000028139098000 JavaThread "rebel-heartbeat-thread" daemon [_thread_blocked, id=26796, stack(0x000000da30000000,0x000000da30100000)]
  0x0000028139095800 JavaThread "rebel-redeploy-thread" daemon [_thread_blocked, id=6924, stack(0x000000da2ff00000,0x000000da30000000)]
  0x0000028139091000 JavaThread "rebel-leaseManager-1" daemon [_thread_blocked, id=22376, stack(0x000000da2fd00000,0x000000da2fe00000)]
  0x0000028139092800 JavaThread "rebel-messaging-executor-45" daemon [_thread_blocked, id=21796, stack(0x000000da2fb00000,0x000000da2fc00000)]
  0x000002813908d800 JavaThread "rebel-IDENotificationsImpl-PostCycle" daemon [_thread_blocked, id=24028, stack(0x000000da2fa00000,0x000000da2fb00000)]
  0x0000028139090000 JavaThread "rebel-weak-reaper" daemon [_thread_blocked, id=20292, stack(0x000000da2f900000,0x000000da2fa00000)]
  0x0000028139093000 JavaThread "rebel-fsnotify-OutputReader" daemon [_thread_in_native, id=29436, stack(0x000000da30700000,0x000000da30800000)]
  0x0000028139095000 JavaThread "rebel-fsnotify-OutputReader" daemon [_thread_blocked, id=19932, stack(0x000000da30600000,0x000000da30700000)]
  0x000002813908e800 JavaThread "rebel-fsnotify-ShutdownOnTermination" daemon [_thread_in_native, id=17080, stack(0x000000da30500000,0x000000da30600000)]
  0x00000281390d5000 JavaThread "rebel-CacheKeepAlive" daemon [_thread_blocked, id=14668, stack(0x000000da30400000,0x000000da30500000)]
  0x000002813905b000 JavaThread "rebel-logger" daemon [_thread_blocked, id=12868, stack(0x000000da30300000,0x000000da30400000)]
  0x0000028137baa000 JavaThread "JDWP Command Reader" daemon [_thread_in_native, id=12856, stack(0x000000da2f800000,0x000000da2f900000)]
  0x0000028137b9f000 JavaThread "JDWP Event Helper Thread" daemon [_thread_blocked, id=20960, stack(0x000000da2f700000,0x000000da2f800000)]
  0x0000028137b89800 JavaThread "JDWP Transport Listener: dt_socket" daemon [_thread_blocked, id=17992, stack(0x000000da2f600000,0x000000da2f700000)]
  0x0000028137b80800 JavaThread "Attach Listener" daemon [_thread_blocked, id=28100, stack(0x000000da2f500000,0x000000da2f600000)]
  0x0000028137b7f800 JavaThread "Signal Dispatcher" daemon [_thread_blocked, id=27668, stack(0x000000da2f400000,0x000000da2f500000)]
  0x000002813634e000 JavaThread "Finalizer" daemon [_thread_blocked, id=27836, stack(0x000000da2f300000,0x000000da2f400000)]
  0x000002813634b000 JavaThread "Reference Handler" daemon [_thread_blocked, id=17232, stack(0x000000da2f200000,0x000000da2f300000)]
  0x000002812439b000 JavaThread "main" [_thread_blocked, id=29488, stack(0x000000da2e600000,0x000000da2e700000)]

Other Threads:
  0x0000028136345000 VMThread [stack: 0x000000da2f100000,0x000000da2f200000] [id=19164]
  0x000002813b5ab000 WatcherThread [stack: 0x000000da31000000,0x000000da31100000] [id=23272]

=>0x00000281243bb000 (exited) GCTaskThread [stack: 0x000000da2ed00000,0x000000da2ee00000] [id=11152]

VM state:at safepoint (normal execution)

VM Mutex/Monitor currently owned by a thread:  ([mutex/lock_event])
[0x000002812436e400] Threads_lock - owner thread: 0x0000028136345000
[0x000002812436e300] Heap_lock - owner thread: 0x000002812439b000

heap address: 0x00000000f9c00000, size: 100 MB, Compressed Oops mode: 32-bit
Narrow klass base: 0x0000000000000000, Narrow klass shift: 3
Compressed class space size: 1073741824 Address: 0x0000000100000000

Heap:
 PSYoungGen      total 31232K, used 30154K [0x00000000fdf00000, 0x0000000100000000, 0x0000000100000000)
  eden space 28672K, 100% used [0x00000000fdf00000,0x00000000ffb00000,0x00000000ffb00000)
  from space 2560K, 57% used [0x00000000ffd80000,0x00000000ffef2918,0x0000000100000000)
  to   space 2560K, 55% used [0x00000000ffb00000,0x00000000ffc64710,0x00000000ffd80000)
 ParOldGen       total 68608K, used 55013K [0x00000000f9c00000, 0x00000000fdf00000, 0x00000000fdf00000)
  object space 68608K, 80% used [0x00000000f9c00000,0x00000000fd1b9458,0x00000000fdf00000)
 Metaspace       used 84288K, capacity 88444K, committed 88576K, reserved 1126400K
  class space    used 10493K, capacity 11142K, committed 11264K, reserved 1048576K

Card table byte_map: [0x00000281354a0000,0x00000281354e0000] byte_map_base: 0x0000028134cd2000

Marking Bits: (ParMarkBitMap*) 0x0000000063107860
 Begin Bits: [0x0000028135510000, 0x00000281356a0000)
 End Bits:   [0x00000281356a0000, 0x0000028135830000)

Polling page: 0x0000028124570000

CodeCache: size=245760Kb used=19370Kb max_used=19370Kb free=226389Kb
 bounds [0x00000281260e0000, 0x00000281273d0000, 0x00000281350e0000]
 total_blobs=11696 nmethods=11059 adapters=558
 compilation: enabled

Compilation events (10 events):
Event: 35.729 Thread 0x000002813909c000 11274       1       org.springframework.cglib.reflect.FastClassEmitter$3::processCase (29 bytes)
Event: 35.729 Thread 0x000002813909c000 nmethod 11274 0x00000281273c92d0 code [0x00000281273c9480, 0x00000281273c9720]
Event: 35.729 Thread 0x000002813909c000 11275       1       org.springframework.cglib.reflect.FastClassEmitter$3::_jr$ig$val$signatures (8 bytes)
Event: 35.729 Thread 0x000002813909c000 nmethod 11275 0x00000281273c9b10 code [0x00000281273c9c60, 0x00000281273c9d98]
Event: 35.729 Thread 0x000002813909c000 11277       1       org.springframework.cglib.reflect.FastClassEmitter$4::processCase (126 bytes)
Event: 35.730 Thread 0x000002813909c000 nmethod 11277 0x00000281273c9e50 code [0x00000281273ca0c0, 0x00000281273ca640]
Event: 35.730 Thread 0x000002813909c000 11278       1       org.springframework.asm.SymbolTable::addUninitializedType (103 bytes)
Event: 35.730 Thread 0x000002813909c000 nmethod 11278 0x00000281273cb050 code [0x00000281273cb200, 0x00000281273cb6e0]
Event: 35.730 Thread 0x000002813909c000 11276       1       org.springframework.cglib.core.EmitUtils$12::processCase (42 bytes)
Event: 35.730 Thread 0x000002813909c000 nmethod 11276 0x00000281273cbc90 code [0x00000281273cbe00, 0x00000281273cc040]

GC Heap History (10 events):
Event: 34.462 GC heap after
Heap after GC invocations=121 (full 3):
 PSYoungGen      total 30208K, used 1845K [0x00000000fdf00000, 0x0000000100000000, 0x0000000100000000)
  eden space 27648K, 0% used [0x00000000fdf00000,0x00000000fdf00000,0x00000000ffa00000)
  from space 2560K, 72% used [0x00000000ffd00000,0x00000000ffecd618,0x00000000fff80000)
  to   space 3072K, 0% used [0x00000000ffa00000,0x00000000ffa00000,0x00000000ffd00000)
 ParOldGen       total 68608K, used 52274K [0x00000000f9c00000, 0x00000000fdf00000, 0x00000000fdf00000)
  object space 68608K, 76% used [0x00000000f9c00000,0x00000000fcf0cb20,0x00000000fdf00000)
 Metaspace       used 80275K, capacity 84274K, committed 84480K, reserved 1122304K
  class space    used 9991K, capacity 10627K, committed 10752K, reserved 1048576K
}
Event: 34.583 GC heap before
{Heap before GC invocations=122 (full 3):
 PSYoungGen      total 30208K, used 29493K [0x00000000fdf00000, 0x0000000100000000, 0x0000000100000000)
  eden space 27648K, 100% used [0x00000000fdf00000,0x00000000ffa00000,0x00000000ffa00000)
  from space 2560K, 72% used [0x00000000ffd00000,0x00000000ffecd618,0x00000000fff80000)
  to   space 3072K, 0% used [0x00000000ffa00000,0x00000000ffa00000,0x00000000ffd00000)
 ParOldGen       total 68608K, used 52274K [0x00000000f9c00000, 0x00000000fdf00000, 0x00000000fdf00000)
  object space 68608K, 76% used [0x00000000f9c00000,0x00000000fcf0cb20,0x00000000fdf00000)
 Metaspace       used 81544K, capacity 85580K, committed 85888K, reserved 1124352K
  class space    used 10120K, capacity 10762K, committed 10880K, reserved 1048576K
Event: 34.588 GC heap after
Heap after GC invocations=122 (full 3):
 PSYoungGen      total 30720K, used 1309K [0x00000000fdf00000, 0x00000000fff80000, 0x0000000100000000)
  eden space 27648K, 0% used [0x00000000fdf00000,0x00000000fdf00000,0x00000000ffa00000)
  from space 3072K, 42% used [0x00000000ffa00000,0x00000000ffb47408,0x00000000ffd00000)
  to   space 2560K, 0% used [0x00000000ffd00000,0x00000000ffd00000,0x00000000fff80000)
 ParOldGen       total 68608K, used 52882K [0x00000000f9c00000, 0x00000000fdf00000, 0x00000000fdf00000)
  object space 68608K, 77% used [0x00000000f9c00000,0x00000000fcfa4b20,0x00000000fdf00000)
 Metaspace       used 81544K, capacity 85580K, committed 85888K, reserved 1124352K
  class space    used 10120K, capacity 10762K, committed 10880K, reserved 1048576K
}
Event: 35.192 GC heap before
{Heap before GC invocations=123 (full 3):
 PSYoungGen      total 30720K, used 28957K [0x00000000fdf00000, 0x00000000fff80000, 0x0000000100000000)
  eden space 27648K, 100% used [0x00000000fdf00000,0x00000000ffa00000,0x00000000ffa00000)
  from space 3072K, 42% used [0x00000000ffa00000,0x00000000ffb47408,0x00000000ffd00000)
  to   space 2560K, 0% used [0x00000000ffd00000,0x00000000ffd00000,0x00000000fff80000)
 ParOldGen       total 68608K, used 52882K [0x00000000f9c00000, 0x00000000fdf00000, 0x00000000fdf00000)
  object space 68608K, 77% used [0x00000000f9c00000,0x00000000fcfa4b20,0x00000000fdf00000)
 Metaspace       used 82377K, capacity 86452K, committed 86656K, reserved 1124352K
  class space    used 10223K, capacity 10870K, committed 10880K, reserved 1048576K
Event: 35.209 GC heap after
Heap after GC invocations=123 (full 3):
 PSYoungGen      total 30720K, used 964K [0x00000000fdf00000, 0x00000000fff80000, 0x0000000100000000)
  eden space 28160K, 0% used [0x00000000fdf00000,0x00000000fdf00000,0x00000000ffa80000)
  from space 2560K, 37% used [0x00000000ffd00000,0x00000000ffdf13a0,0x00000000fff80000)
  to   space 2560K, 0% used [0x00000000ffa80000,0x00000000ffa80000,0x00000000ffd00000)
 ParOldGen       total 68608K, used 53428K [0x00000000f9c00000, 0x00000000fdf00000, 0x00000000fdf00000)
  object space 68608K, 77% used [0x00000000f9c00000,0x00000000fd02d3e8,0x00000000fdf00000)
 Metaspace       used 82377K, capacity 86452K, committed 86656K, reserved 1124352K
  class space    used 10223K, capacity 10870K, committed 10880K, reserved 1048576K
}
Event: 35.435 GC heap before
{Heap before GC invocations=124 (full 3):
 PSYoungGen      total 30720K, used 29124K [0x00000000fdf00000, 0x00000000fff80000, 0x0000000100000000)
  eden space 28160K, 100% used [0x00000000fdf00000,0x00000000ffa80000,0x00000000ffa80000)
  from space 2560K, 37% used [0x00000000ffd00000,0x00000000ffdf13a0,0x00000000fff80000)
  to   space 2560K, 0% used [0x00000000ffa80000,0x00000000ffa80000,0x00000000ffd00000)
 ParOldGen       total 68608K, used 53428K [0x00000000f9c00000, 0x00000000fdf00000, 0x00000000fdf00000)
  object space 68608K, 77% used [0x00000000f9c00000,0x00000000fd02d3e8,0x00000000fdf00000)
 Metaspace       used 83247K, capacity 87320K, committed 87680K, reserved 1126400K
  class space    used 10356K, capacity 11022K, committed 11136K, reserved 1048576K
Event: 35.441 GC heap after
Heap after GC invocations=124 (full 3):
 PSYoungGen      total 30720K, used 1281K [0x00000000fdf00000, 0x0000000100000000, 0x0000000100000000)
  eden space 28160K, 0% used [0x00000000fdf00000,0x00000000fdf00000,0x00000000ffa80000)
  from space 2560K, 50% used [0x00000000ffa80000,0x00000000ffbc0668,0x00000000ffd00000)
  to   space 2560K, 0% used [0x00000000ffd80000,0x00000000ffd80000,0x0000000100000000)
 ParOldGen       total 68608K, used 53709K [0x00000000f9c00000, 0x00000000fdf00000, 0x00000000fdf00000)
  object space 68608K, 78% used [0x00000000f9c00000,0x00000000fd073408,0x00000000fdf00000)
 Metaspace       used 83247K, capacity 87320K, committed 87680K, reserved 1126400K
  class space    used 10356K, capacity 11022K, committed 11136K, reserved 1048576K
}
Event: 35.613 GC heap before
{Heap before GC invocations=125 (full 3):
 PSYoungGen      total 30720K, used 29441K [0x00000000fdf00000, 0x0000000100000000, 0x0000000100000000)
  eden space 28160K, 100% used [0x00000000fdf00000,0x00000000ffa80000,0x00000000ffa80000)
  from space 2560K, 50% used [0x00000000ffa80000,0x00000000ffbc0668,0x00000000ffd00000)
  to   space 2560K, 0% used [0x00000000ffd80000,0x00000000ffd80000,0x0000000100000000)
 ParOldGen       total 68608K, used 53709K [0x00000000f9c00000, 0x00000000fdf00000, 0x00000000fdf00000)
  object space 68608K, 78% used [0x00000000f9c00000,0x00000000fd073408,0x00000000fdf00000)
 Metaspace       used 83835K, capacity 87980K, committed 88192K, reserved 1126400K
  class space    used 10435K, capacity 11102K, committed 11136K, reserved 1048576K
Event: 35.618 GC heap after
Heap after GC invocations=125 (full 3):
 PSYoungGen      total 31232K, used 1482K [0x00000000fdf00000, 0x0000000100000000, 0x0000000100000000)
  eden space 28672K, 0% used [0x00000000fdf00000,0x00000000fdf00000,0x00000000ffb00000)
  from space 2560K, 57% used [0x00000000ffd80000,0x00000000ffef2918,0x0000000100000000)
  to   space 2560K, 0% used [0x00000000ffb00000,0x00000000ffb00000,0x00000000ffd80000)
 ParOldGen       total 68608K, used 54261K [0x00000000f9c00000, 0x00000000fdf00000, 0x00000000fdf00000)
  object space 68608K, 79% used [0x00000000f9c00000,0x00000000fd0fd438,0x00000000fdf00000)
 Metaspace       used 83835K, capacity 87980K, committed 88192K, reserved 1126400K
  class space    used 10435K, capacity 11102K, committed 11136K, reserved 1048576K
}
Event: 35.732 GC heap before
{Heap before GC invocations=126 (full 3):
 PSYoungGen      total 31232K, used 30154K [0x00000000fdf00000, 0x0000000100000000, 0x0000000100000000)
  eden space 28672K, 100% used [0x00000000fdf00000,0x00000000ffb00000,0x00000000ffb00000)
  from space 2560K, 57% used [0x00000000ffd80000,0x00000000ffef2918,0x0000000100000000)
  to   space 2560K, 0% used [0x00000000ffb00000,0x00000000ffb00000,0x00000000ffd80000)
 ParOldGen       total 68608K, used 54261K [0x00000000f9c00000, 0x00000000fdf00000, 0x00000000fdf00000)
  object space 68608K, 79% used [0x00000000f9c00000,0x00000000fd0fd438,0x00000000fdf00000)
 Metaspace       used 84288K, capacity 88444K, committed 88576K, reserved 1126400K
  class space    used 10493K, capacity 11142K, committed 11264K, reserved 1048576K

Deoptimization events (0 events):
No events

Classes redefined (8 events):
Event: 9.528 Thread 0x0000028136345000 redefined class name=com.zeroturnaround.jrebelbase.facade.ba, count=1
Event: 9.529 Thread 0x0000028136345000 redefined class name=com.zeroturnaround.jrebelbase.facade.au, count=1
Event: 9.529 Thread 0x0000028136345000 redefined class name=com.zeroturnaround.jrebelbase.facade.a, count=1
Event: 9.532 Thread 0x0000028136345000 redefined class name=com.zeroturnaround.jrebelbase.d, count=1
Event: 9.533 Thread 0x0000028136345000 redefined class name=com.zeroturnaround.jrebelbase.facade.f, count=1
Event: 9.535 Thread 0x0000028136345000 redefined class name=com.zeroturnaround.jrebelbase.facade.e, count=1
Event: 9.536 Thread 0x0000028136345000 redefined class name=com.zeroturnaround.jrebelbase.facade.g, count=1
Event: 9.537 Thread 0x0000028136345000 redefined class name=com.zeroturnaround.jrebelbase.facade.ad, count=1

Internal exceptions (10 events):
Event: 33.791 Thread 0x000002812439b000 Exception <a 'java/lang/NoSuchMethodError': java.lang.Object.lambda$enrich$0(Ljava/lang/Object;Lfeign/Capability;)Ljava/lang/Object;> (0x00000000fed17498) thrown at [C:\wsjdk\Corretto8Src\installers\windows\zip\corretto-build\buildRoot\src\hotspot\src\sha
Event: 33.792 Thread 0x000002812439b000 Exception <a 'java/lang/NoSuchMethodError': java.lang.Object.lambda$enrich$1(Ljava/lang/Object;Ljava/lang/Object;)Ljava/lang/Object;> (0x00000000fed1ce10) thrown at [C:\wsjdk\Corretto8Src\installers\windows\zip\corretto-build\buildRoot\src\hotspot\src\sha
Event: 33.926 Thread 0x000002812439b000 Exception <a 'java/lang/ClassNotFoundException': java/lang/ObjectCustomizer> (0x00000000fe4c94d0) thrown at [C:\wsjdk\Corretto8Src\installers\windows\zip\corretto-build\buildRoot\src\hotspot\src\share\vm\classfile\systemDictionary.cpp, line 217]
Event: 33.926 Thread 0x000002812439b000 Exception <a 'java/lang/ClassNotFoundException': org/springframework/dao/support/DaoSupportCustomizer> (0x00000000fe4f3da8) thrown at [C:\wsjdk\Corretto8Src\installers\windows\zip\corretto-build\buildRoot\src\hotspot\src\share\vm\classfile\systemDictionar
Event: 33.927 Thread 0x000002812439b000 Exception <a 'java/lang/ClassNotFoundException': org/mybatis/spring/support/SqlSessionDaoSupportCustomizer> (0x00000000fe51dc78) thrown at [C:\wsjdk\Corretto8Src\installers\windows\zip\corretto-build\buildRoot\src\hotspot\src\share\vm\classfile\systemDict
Event: 33.927 Thread 0x000002812439b000 Exception <a 'java/lang/ClassNotFoundException': org/mybatis/spring/mapper/MapperFactoryBeanCustomizer> (0x00000000fe54c620) thrown at [C:\wsjdk\Corretto8Src\installers\windows\zip\corretto-build\buildRoot\src\hotspot\src\share\vm\classfile\systemDictiona
Event: 33.928 Thread 0x000002812439b000 Exception <a 'java/lang/ClassNotFoundException': org/springframework/beans/factory/FactoryBeanCustomizer> (0x00000000fe5855b8) thrown at [C:\wsjdk\Corretto8Src\installers\windows\zip\corretto-build\buildRoot\src\hotspot\src\share\vm\classfile\systemDictio
Event: 33.928 Thread 0x000002812439b000 Exception <a 'java/lang/ClassNotFoundException': org/springframework/beans/factory/InitializingBeanCustomizer> (0x00000000fe5b3868) thrown at [C:\wsjdk\Corretto8Src\installers\windows\zip\corretto-build\buildRoot\src\hotspot\src\share\vm\classfile\systemD
Event: 34.268 Thread 0x000002812439b000 Exception <a 'java/lang/NoSuchMethodError': java.lang.Object.lambda$simple$0(Ljava/lang/String;)Ljava/lang/String;> (0x00000000ff06c258) thrown at [C:\wsjdk\Corretto8Src\installers\windows\zip\corretto-build\buildRoot\src\hotspot\src\share\vm\interpreter\
Event: 34.313 Thread 0x000002812439b000 Exception <a 'java/lang/NoSuchMethodError': java.lang.Object.lambda$static$0(Lorg/springframework/data/redis/connection/RedisConnection;)V> (0x00000000ff3eeb18) thrown at [C:\wsjdk\Corretto8Src\installers\windows\zip\corretto-build\buildRoot\src\hotspot\s

Events (10 events):
Event: 35.730 Thread 0x000002812439b000 DEOPT UNPACKING pc=0x00000281261271d8 sp=0x000000da2e6f8f48 mode 1
Event: 35.730 Thread 0x000002812439b000 DEOPT PACKING pc=0x00000281266b3afc sp=0x000000da2e6f92b0
Event: 35.730 Thread 0x000002812439b000 DEOPT UNPACKING pc=0x00000281261271d8 sp=0x000000da2e6f90a8 mode 1
Event: 35.730 Thread 0x000002812439b000 DEOPT PACKING pc=0x00000281266b2ca4 sp=0x000000da2e6f93f0
Event: 35.730 Thread 0x000002812439b000 DEOPT UNPACKING pc=0x00000281261271d8 sp=0x000000da2e6f9178 mode 1
Event: 35.730 Thread 0x000002812439b000 DEOPT PACKING pc=0x00000281266e5f2c sp=0x000000da2e6f94a0
Event: 35.730 Thread 0x000002812439b000 DEOPT UNPACKING pc=0x00000281261271d8 sp=0x000000da2e6f9148 mode 1
Event: 35.730 Thread 0x000002812439b000 DEOPT PACKING pc=0x00000281264d7d2c sp=0x000000da2e6f9540
Event: 35.730 Thread 0x000002812439b000 DEOPT UNPACKING pc=0x00000281261271d8 sp=0x000000da2e6f9300 mode 1
Event: 35.731 Executing VM operation: ParallelGCFailedAllocation


Dynamic libraries:
0x00007ff77d610000 - 0x00007ff77d64a000 	C:\Users\miozus\.jdks\corretto-1.8.0_322\bin\java.exe
0x00007ffacec00000 - 0x00007ffacee07000 	C:\Windows\SYSTEM32\ntdll.dll
0x00007ffacdc40000 - 0x00007ffacdcfd000 	C:\Windows\System32\KERNEL32.DLL
0x00007ffacc4a0000 - 0x00007ffacc814000 	C:\Windows\System32\KERNELBASE.dll
0x00007ffacdb90000 - 0x00007ffacdc3e000 	C:\Windows\System32\ADVAPI32.dll
0x00007ffaccaa0000 - 0x00007ffaccb43000 	C:\Windows\System32\msvcrt.dll
0x00007ffacdaf0000 - 0x00007ffacdb8e000 	C:\Windows\System32\sechost.dll
0x00007ffacd850000 - 0x00007ffacd970000 	C:\Windows\System32\RPCRT4.dll
0x00007ffaccc70000 - 0x00007ffacce1c000 	C:\Windows\System32\USER32.dll
0x00007ffacc0f0000 - 0x00007ffacc116000 	C:\Windows\System32\win32u.dll
0x00007ffacd970000 - 0x00007ffacd999000 	C:\Windows\System32\GDI32.dll
0x00007ffacc300000 - 0x00007ffacc412000 	C:\Windows\System32\gdi32full.dll
0x00007ffacca00000 - 0x00007ffacca9d000 	C:\Windows\System32\msvcp_win.dll
0x00007ffacc120000 - 0x00007ffacc231000 	C:\Windows\System32\ucrtbase.dll
0x00007ffacb2d0000 - 0x00007ffacb575000 	C:\Windows\WinSxS\amd64_microsoft.windows.common-controls_6595b64144ccf1df_6.0.22000.120_none_9d947278b86cc467\COMCTL32.dll
0x00007ffaccf40000 - 0x00007ffaccf71000 	C:\Windows\System32\IMM32.DLL
0x00007ffaa8c80000 - 0x00007ffaa8d6f000 	C:\Users\miozus\.jdks\corretto-1.8.0_322\jre\bin\msvcr120.dll
0x00007ffaa8bd0000 - 0x00007ffaa8c76000 	C:\Users\miozus\.jdks\corretto-1.8.0_322\jre\bin\msvcp120.dll
0x0000000062910000 - 0x0000000063186000 	C:\Users\miozus\.jdks\corretto-1.8.0_322\jre\bin\server\jvm.dll
0x00007ffacdd30000 - 0x00007ffacdd38000 	C:\Windows\System32\PSAPI.DLL
0x00007ffaa6c80000 - 0x00007ffaa6c89000 	C:\Windows\SYSTEM32\WSOCK32.dll
0x00007ffacd590000 - 0x00007ffacd5ff000 	C:\Windows\System32\WS2_32.dll
0x00007ffac9860000 - 0x00007ffac9893000 	C:\Windows\SYSTEM32\WINMM.dll
0x00007ffac3c90000 - 0x00007ffac3c9a000 	C:\Windows\SYSTEM32\VERSION.dll
0x00007ffacb7d0000 - 0x00007ffacb7df000 	C:\Users\miozus\.jdks\corretto-1.8.0_322\jre\bin\verify.dll
0x00007ffac6330000 - 0x00007ffac6359000 	C:\Users\miozus\.jdks\corretto-1.8.0_322\jre\bin\java.dll
0x00007ffaa91e0000 - 0x00007ffaa9215000 	C:\Users\miozus\.jdks\corretto-1.8.0_322\jre\bin\jdwp.dll
0x00007ffac7450000 - 0x00007ffac7458000 	C:\Users\miozus\.jdks\corretto-1.8.0_322\jre\bin\npt.dll
0x00007ffaa8a90000 - 0x00007ffaa8add000 	E:\JetBrains\Toolbox\apps\IDEA-U\ch-0\213.5744.223.plugins\jr-ide-idea\lib\jrebel6\lib\jrebel64.dll
0x00007ffacdd60000 - 0x00007fface50e000 	C:\Windows\System32\SHELL32.dll
0x00007ffacb170000 - 0x00007ffacb17c000 	C:\Windows\SYSTEM32\CRYPTBASE.DLL
0x00007ffaccf80000 - 0x00007ffacd06a000 	C:\Windows\System32\shcore.dll
0x00007ffaa87e0000 - 0x00007ffaa880a000 	C:\Users\miozus\.jdks\corretto-1.8.0_322\jre\bin\instrument.dll
0x00007ffac61e0000 - 0x00007ffac61f6000 	C:\Users\miozus\.jdks\corretto-1.8.0_322\jre\bin\zip.dll
0x00007ffac9ba0000 - 0x00007ffaca407000 	C:\Windows\SYSTEM32\windows.storage.dll
0x00007ffacd070000 - 0x00007ffacd3e8000 	C:\Windows\System32\combase.dll
0x00007ffac9a30000 - 0x00007ffac9b96000 	C:\Windows\SYSTEM32\wintypes.dll
0x00007ffacda90000 - 0x00007ffacdaed000 	C:\Windows\System32\shlwapi.dll
0x00007ffacc020000 - 0x00007ffacc041000 	C:\Windows\SYSTEM32\profapi.dll
0x00007ffaab1d0000 - 0x00007ffaab1d9000 	C:\Users\miozus\.jdks\corretto-1.8.0_322\jre\bin\dt_socket.dll
0x00007ffacb100000 - 0x00007ffacb167000 	C:\Windows\system32\mswsock.dll
0x00007ffaacaf0000 - 0x00007ffaacb0a000 	C:\Users\miozus\.jdks\corretto-1.8.0_322\jre\bin\net.dll
0x00007ffaa9220000 - 0x00007ffaa9232000 	C:\Users\miozus\.jdks\corretto-1.8.0_322\jre\bin\nio.dll
0x00007ffac62c0000 - 0x00007ffac62cd000 	C:\Users\miozus\.jdks\corretto-1.8.0_322\jre\bin\management.dll
0x00007ffaa85c0000 - 0x00007ffaa85e3000 	C:\Users\miozus\.jdks\corretto-1.8.0_322\jre\bin\sunec.dll
0x00007ffab4020000 - 0x00007ffab402c000 	C:\Users\miozus\.jdks\corretto-1.8.0_322\jre\bin\sunmscapi.dll
0x00007ffacc890000 - 0x00007ffacc9f2000 	C:\Windows\System32\CRYPT32.dll
0x00007ffacb620000 - 0x00007ffacb648000 	C:\Windows\SYSTEM32\ncrypt.dll
0x00007ffacb5c0000 - 0x00007ffacb5f7000 	C:\Windows\SYSTEM32\NTASN1.dll
0x00007ffaa8580000 - 0x00007ffaa859b000 	C:\Users\miozus\.jrebel\jrebel-temp\ver-4b596bcb\IdeaWin64.dll
0x00007ffacbda0000 - 0x00007ffacbdb8000 	C:\Windows\SYSTEM32\CRYPTSP.dll
0x00007ffacab00000 - 0x00007ffacab35000 	C:\Windows\system32\rsaenh.dll
0x00007ffacaf80000 - 0x00007ffacafa9000 	C:\Windows\SYSTEM32\USERENV.dll
0x00007ffacba10000 - 0x00007ffacba37000 	C:\Windows\SYSTEM32\bcrypt.dll
0x00007ffacc420000 - 0x00007ffacc49f000 	C:\Windows\System32\bcryptprimitives.dll
0x00007ffaca660000 - 0x00007ffaca68d000 	C:\Windows\SYSTEM32\IPHLPAPI.DLL
0x00007ffacd690000 - 0x00007ffacd699000 	C:\Windows\System32\NSI.dll
0x00007ffac7460000 - 0x00007ffac7479000 	C:\Windows\SYSTEM32\dhcpcsvc6.DLL
0x00007ffac7650000 - 0x00007ffac766e000 	C:\Windows\SYSTEM32\dhcpcsvc.DLL
0x00007ffaca6d0000 - 0x00007ffaca7b7000 	C:\Windows\SYSTEM32\DNSAPI.dll
0x00007ffabe3e0000 - 0x00007ffabe3ea000 	C:\Windows\System32\rasadhlp.dll
0x00007ffac6700000 - 0x00007ffac6781000 	C:\Windows\System32\fwpuclnt.dll
0x00007ffab5890000 - 0x00007ffab58a7000 	C:\Windows\system32\napinsp.dll
0x00007ffab5830000 - 0x00007ffab584b000 	C:\Windows\system32\pnrpnsp.dll
0x00007ffab5700000 - 0x00007ffab5712000 	C:\Windows\System32\winrnr.dll
0x00007ffac66e0000 - 0x00007ffac66f5000 	C:\Windows\system32\wshbth.dll
0x00007ffab56b0000 - 0x00007ffab56cf000 	C:\Windows\system32\nlansp_c.dll
0x00007ffacba40000 - 0x00007ffacbc61000 	C:\Windows\SYSTEM32\dbghelp.dll
0x00007ffa431c0000 - 0x00007ffa43234000 	C:\Windows\SYSTEM32\symsrv.dll

VM Arguments:
jvm_args: -agentlib:jdwp=transport=dt_socket,address=127.0.0.1:54169,suspend=y,server=n -Drebel.base=C:\Users\miozus\.jrebel -Drebel.env.ide.plugin.version=2022.1.0 -Drebel.env.ide.version=2021.3 -Drebel.env.ide.product=IU -Drebel.env.ide=intellij -Drebel.notification.url=http://localhost:17434 -agentpath:E:\JetBrains\Toolbox\apps\IDEA-U\ch-0\213.5744.223.plugins\jr-ide-idea\lib\jrebel6\lib\jrebel64.dll -Dvisualvm.id=77303439591000 -Xmx100m -XX:TieredStopAtLevel=1 -Xverify:none -Dspring.output.ansi.enabled=always -javaagent:E:\JetBrains\Toolbox\apps\IDEA-U\ch-0\213.5744.223\plugins\java\lib\rt\debugger-agent.jar -Dcom.sun.management.jmxremote -Dspring.jmx.enabled=true -Dspring.liveBeansView.mbeanDomain -Dspring.application.admin.enabled=true -Dfile.encoding=UTF-8 
java_command: cn.miozus.gulimall.order.GulimallOrderApplication --server.port=9020
java_class_path (initial): C:\Users\miozus\.jdks\corretto-1.8.0_322\jre\lib\charsets.jar;C:\Users\miozus\.jdks\corretto-1.8.0_322\jre\lib\ext\access-bridge-64.jar;C:\Users\miozus\.jdks\corretto-1.8.0_322\jre\lib\ext\cldrdata.jar;C:\Users\miozus\.jdks\corretto-1.8.0_322\jre\lib\ext\dnsns.jar;C:\Users\miozus\.jdks\corretto-1.8.0_322\jre\lib\ext\jaccess.jar;C:\Users\miozus\.jdks\corretto-1.8.0_322\jre\lib\ext\jfxrt.jar;C:\Users\miozus\.jdks\corretto-1.8.0_322\jre\lib\ext\localedata.jar;C:\Users\miozus\.jdks\corretto-1.8.0_322\jre\lib\ext\nashorn.jar;C:\Users\miozus\.jdks\corretto-1.8.0_322\jre\lib\ext\sunec.jar;C:\Users\miozus\.jdks\corretto-1.8.0_322\jre\lib\ext\sunjce_provider.jar;C:\Users\miozus\.jdks\corretto-1.8.0_322\jre\lib\ext\sunmscapi.jar;C:\Users\miozus\.jdks\corretto-1.8.0_322\jre\lib\ext\sunpkcs11.jar;C:\Users\miozus\.jdks\corretto-1.8.0_322\jre\lib\ext\zipfs.jar;C:\Users\miozus\.jdks\corretto-1.8.0_322\jre\lib\jce.jar;C:\Users\miozus\.jdks\corretto-1.8.0_322\jre\lib\jfr.jar;C:\Users\miozus\.jdks\corretto-1.8.0_322\jre\lib\jfxswt.jar;C:\Users\miozus\.jdks\corretto-1.8.0_322\jre\lib\jsse.jar;C:\Users\miozus\.jdks\corretto-1.8.0_322\jre\lib\management-agent.jar;C:\Users\miozus\.jdks\corretto-1.8.0_322\jre\lib\resources.jar;C:\Users\miozus\.jdks\corretto-1.8.0_322\jre\lib\rt.jar;E:\projects\IdeaProjects\gulimall\gulimall-order\target\classes;C:\Users\miozus\.m2\repository\org\springframework\boot\spring-boot-starter-data-redis\2.3.2.RELEASE\spring-boot-starter-data-redis-2.3.2.RELEASE.jar;C:\Users\miozus\.m2\repository\org\springframework\boot\spring-boot-starter\2.3.2.RELEASE\spring-boot-starter-2.3.2.RELEASE.jar;C:\Users\miozus\.m2\repository\org\springframework\boot\spring-boot\2.3.2.RELEASE\spring-boot-2.3.2.RELEASE.jar;C:\Users\miozus\.m2\repository\org\springframework\boot\spring-boot-autoconfigure\2.3.2.RELEASE\spring-boot-autoconfigure-2.3.2.RELEASE.jar;C:\Users\miozus\.m2\repository\org\springframework\boot\spring-boot-starter-logging\2.3.2.RELEASE
Launcher Type: SUN_STANDARD

Environment Variables:
JAVA_HOME=E:\Java\JDK\corretto-1.8.0_312
CLASSPATH=.E:\Java\JDK\corretto-1.8.0_312\lib;E:\Java\JDK\corretto-1.8.0_312\lib\dt.jar;E:\Java\JDK\corretto-1.8.0_312\lib\tools.jar;
PATH=C:\Program Files\Common Files\Oracle\Java\javapath;C:\Windows\system32;C:\Windows;C:\Windows\System32\Wbem;C:\Windows\System32\WindowsPowerShell\v1.0\;C:\Windows\System32\OpenSSH\;E:\Git\cmd;E:\Java\JDK\corretto-1.8.0_312\bin;E:\Java\JDK\corretto-1.8.0_312\jre\bin;C:\Users\miozus\AppData\Roaming\nvm;C:\Program Files\nodejs;E:\Neovim\bin;E:\miniconda3;E:\miniconda3\Scripts;E:\miniconda3\Library\bin;E:\Python\Python310\Scripts\;E:\Python\Python310\;C:\Users\miozus\AppData\Local\Microsoft\WindowsApps;E:\Java\JDK\corretto-1.8.0_312\bin;C:\Users\miozus\AppData\Roaming\nvm;C:\Program Files\nodejs;E:\Neovim\bin;E:\Microsoft VS Code\bin;E:\miniconda3;E:\miniconda3\Scripts;E:\miniconda3\Library\bin;D:\TOOLS\Bandzip\Bandizip;D:\TOOLS\Bandizip
USERNAME=miozus
OS=Windows_NT
PROCESSOR_IDENTIFIER=AMD64 Family 23 Model 113 Stepping 0, AuthenticAMD



---------------  S Y S T E M  ---------------

OS: Windows 10.0 , 64 bit Build 22000 (10.0.22000.434)

CPU:total 12 (initial active 12) (12 cores per cpu, 1 threads per core) family 23 model 113 stepping 0, cmov, cx8, fxsr, mmx, sse, sse2, sse3, ssse3, sse4.1, sse4.2, popcnt, avx, avx2, aes, clmul, mmxext, 3dnowpref, lzcnt, sse4a, tsc, tscinvbit, tscinv, bmi1

Memory: 4k page, physical 33478228k(13228444k free), swap 52352596k(24185656k free)

vm_info: OpenJDK 64-Bit Server VM (25.322-b06) for windows-amd64 JRE (1.8.0_322-b06), built on Jan 13 2022 23:37:51 by "Administrator" with MS VC++ 12.0 (VS2013)

time: Tue Jan 25 17:34:31 2022
timezone: ?D1¨²¡À¨º¡Á?¨º¡À??
elapsed time: 36.284367 seconds (0d 0h 0m 36s)

