#
# A fatal error has been detected by the Java Runtime Environment:
#
#  EXCEPTION_ACCESS_VIOLATION (0xc0000005) at pc=0x0000019f5c425ae4, pid=29472, tid=0x0000000000005128
#
# JRE version: OpenJDK Runtime Environment (8.0_322-b06) (build 1.8.0_322-b06)
# Java VM: OpenJDK 64-Bit Server VM (25.322-b06 mixed mode windows-amd64 compressed oops)
# Problematic frame:
# j  sun.net.www.protocol.http.HttpURLConnection.plainConnect0()V+281
#
# Failed to write core dump. Minidumps are not enabled by default on client versions of Windows
#
# If you would like to submit a bug report, please visit:
#   https://github.com/corretto/corretto-8/issues/
#

---------------  T H R E A D  ---------------

Current thread (0x0000019f0d8a9800):  JavaThread "com.alibaba.nacos.naming.beat.sender" daemon [_thread_in_Java, id=20776, stack(0x000000172ec00000,0x000000172ed00000)]

siginfo: ExceptionCode=0xc0000005, reading address 0xffffffffffffffff

Registers:
RAX=0x0000000000000008, RBX=0x000000000000007c, RCX=0x0000019f0841cc50, RDX=0x0000000000000300
RSP=0x000000172ecfe5d8, RBP=0x000000172ecfe620, RSI=0x00000000000000ac, RDI=0x0000000003906e47
R8 =0x0000000000000000, R9 =0x00880005c1f8b6e8, R10=0x00000000630fa634, R11=0x00000000000000ac
R12=0x0000000000000000, R13=0x0000019f08411558, R14=0x000000172ecfe658, R15=0x0000019f0d8a9800
RIP=0x0000019f5c425ae4, EFLAGS=0x0000000000010246

Top of Stack: (sp=0x000000172ecfe5d8)
0x000000172ecfe5d8:   00000005c2bb9e00 000000172ecfe5e0
0x000000172ecfe5e8:   0000019f08411551 000000172ecfe658
0x000000172ecfe5f8:   0000019f0841cc50 0000000000000000
0x000000172ecfe608:   0000019f084117b8 0000000000000000
0x000000172ecfe618:   000000172ecfe658 000000172ecfe6b0
0x000000172ecfe628:   0000019f5c3f817d 0000000000000000
0x000000172ecfe638:   0000000000000000 0000000000000000
0x000000172ecfe648:   0000000720dc8ef8 00000005c18083f8
0x000000172ecfe658:   0000000720dc0e70 0000000720dc0e70
0x000000172ecfe668:   0000000000000000 000000172ecfe660
0x000000172ecfe678:   0000019f08411232 000000172ecfe6d0
0x000000172ecfe688:   0000019f0841cc50 0000000000000000
0x000000172ecfe698:   0000019f08411270 000000172ecfe658
0x000000172ecfe6a8:   000000172ecfe6d0 000000172ecfe728
0x000000172ecfe6b8:   0000019f5c3f817d 0000000000000000
0x000000172ecfe6c8:   0000000000000000 0000000720dc0e70 

Instructions: (pc=0x0000019f5c425ae4)
0x0000019f5c425ac4:   00 00 00 83 f8 01 0f 85 0b 00 00 00 41 0f be 04
0x0000019f5c425ad4:   19 50 e9 98 00 00 00 83 f8 08 0f 85 0e 00 00 00
0x0000019f5c425ae4:   41 8b 04 19 48 c1 e0 03 50 e9 81 00 00 00 83 f8
0x0000019f5c425af4:   04 0f 85 0a 00 00 00 41 8b 04 19 50 e9 6e 00 00 


Register to memory mapping:

RAX=0x0000000000000008 is an unknown value
RBX=0x000000000000007c is an unknown value
RCX=0x0000019f0841cc50 is pointing into metadata
RDX=0x0000000000000300 is an unknown value
RSP=0x000000172ecfe5d8 is pointing into the stack for thread: 0x0000019f0d8a9800
RBP=0x000000172ecfe620 is pointing into the stack for thread: 0x0000019f0d8a9800
RSI=0x00000000000000ac is an unknown value
RDI=0x0000000003906e47 is an unknown value
R8 =0x0000000000000000 is an unknown value
R9 =0x00880005c1f8b6e8 is an unknown value
R10=0x00000000630fa634 is an unknown value
R11=0x00000000000000ac is an unknown value
R12=0x0000000000000000 is an unknown value
R13=0x0000019f08411558 is pointing into metadata
R14=0x000000172ecfe658 is pointing into the stack for thread: 0x0000019f0d8a9800
R15=0x0000019f0d8a9800 is a thread


Stack: [0x000000172ec00000,0x000000172ed00000],  sp=0x000000172ecfe5d8,  free space=1017k
Native frames: (J=compiled Java code, j=interpreted, Vv=VM code, C=native code)
C  0x0000019f5c425ae4


---------------  P R O C E S S  ---------------

Java Threads: ( => current thread )
  0x0000019f0d8b3000 JavaThread "RMI TCP Connection(idle)" daemon [_thread_blocked, id=29552, stack(0x000000172f500000,0x000000172f600000)]
  0x0000019f0d8b3800 JavaThread "com.alibaba.nacos.client.Worker.longPolling.fixed-39.108.228.2_8848-17852841-4990-414d-86a3-7e33c665f74d" daemon [_thread_blocked, id=26484, stack(0x000000172f400000,0x000000172f500000)]
  0x0000019f0d8ab000 JavaThread "com.alibaba.nacos.client.Worker.longPolling.fixed-39.108.228.2_8848-17852841-4990-414d-86a3-7e33c665f74d" daemon [_thread_in_native, id=29292, stack(0x000000172f300000,0x000000172f400000)]
  0x0000019f0d8aa800 JavaThread "DestroyJavaVM" [_thread_blocked, id=19044, stack(0x0000001728c00000,0x0000001728d00000)]
  0x0000019f0d8b0800 JavaThread "pool-5-thread-1" [_thread_blocked, id=14408, stack(0x000000172ee00000,0x000000172ef00000)]
  0x0000019f0d8af800 JavaThread "com.alibaba.nacos.client.naming.updater" daemon [_thread_blocked, id=19188, stack(0x000000172ed00000,0x000000172ee00000)]
  0x0000019f0d8b1800 JavaThread "lettuce-eventExecutorLoop-1-5" daemon [_thread_blocked, id=22888, stack(0x000000172f200000,0x000000172f300000)]
  0x0000019f0d8b2000 JavaThread "lettuce-eventExecutorLoop-1-4" daemon [_thread_blocked, id=18628, stack(0x000000172f100000,0x000000172f200000)]
  0x0000019f0d8ae000 JavaThread "lettuce-eventExecutorLoop-1-3" daemon [_thread_blocked, id=22012, stack(0x000000172f000000,0x000000172f100000)]
  0x0000019f0d8ad800 JavaThread "lettuce-nioEventLoop-4-2" daemon [_thread_in_native, id=21940, stack(0x000000172ef00000,0x000000172f000000)]
=>0x0000019f0d8a9800 JavaThread "com.alibaba.nacos.naming.beat.sender" daemon [_thread_in_Java, id=20776, stack(0x000000172ec00000,0x000000172ed00000)]
  0x0000019f0d8ac000 JavaThread "http-nio-12000-Acceptor" daemon [_thread_in_native, id=28560, stack(0x000000172eb00000,0x000000172ec00000)]
  0x0000019f0d8ac800 JavaThread "http-nio-12000-ClientPoller" daemon [_thread_in_native, id=25396, stack(0x000000172ea00000,0x000000172eb00000)]
  0x0000019f0add4000 JavaThread "http-nio-12000-exec-10" daemon [_thread_blocked, id=21688, stack(0x000000172e900000,0x000000172ea00000)]
  0x0000019f0a593800 JavaThread "http-nio-12000-exec-9" daemon [_thread_blocked, id=25460, stack(0x000000172e800000,0x000000172e900000)]
  0x0000019f0d0a5000 JavaThread "http-nio-12000-exec-8" daemon [_thread_blocked, id=28788, stack(0x000000172e700000,0x000000172e800000)]
  0x0000019f0d0a4000 JavaThread "http-nio-12000-exec-7" daemon [_thread_blocked, id=28680, stack(0x000000172e600000,0x000000172e700000)]
  0x0000019f0d0a1000 JavaThread "http-nio-12000-exec-6" daemon [_thread_blocked, id=10164, stack(0x000000172e500000,0x000000172e600000)]
  0x0000019f0d0a0000 JavaThread "http-nio-12000-exec-5" daemon [_thread_blocked, id=23536, stack(0x000000172e400000,0x000000172e500000)]
  0x0000019f0d0a2000 JavaThread "http-nio-12000-exec-4" daemon [_thread_blocked, id=23920, stack(0x000000172e300000,0x000000172e400000)]
  0x0000019f0d0a5800 JavaThread "http-nio-12000-exec-3" daemon [_thread_blocked, id=22616, stack(0x000000172e200000,0x000000172e300000)]
  0x0000019f0d09d000 JavaThread "http-nio-12000-exec-2" daemon [_thread_blocked, id=24816, stack(0x000000172e100000,0x000000172e200000)]
  0x0000019f0d0a3800 JavaThread "http-nio-12000-exec-1" daemon [_thread_blocked, id=28776, stack(0x000000172e000000,0x000000172e100000)]
  0x0000019f0d0a2800 JavaThread "http-nio-12000-BlockPoller" daemon [_thread_in_native, id=26220, stack(0x000000172df00000,0x000000172e000000)]
  0x0000019f0d099000 JavaThread "Nacos-Watch-Task-Scheduler-1" [_thread_blocked, id=23868, stack(0x000000172de00000,0x000000172df00000)]
  0x0000019f0d09f800 JavaThread "com.alibaba.nacos.client.naming.updater" daemon [_thread_blocked, id=28408, stack(0x000000172dd00000,0x000000172de00000)]
  0x0000019f0d09a000 JavaThread "nacos.publisher-com.alibaba.nacos.client.naming.event.InstancesChangeEvent" daemon [_thread_blocked, id=9848, stack(0x000000172dc00000,0x000000172dd00000)]
  0x0000019f0d09b800 JavaThread "nacos.publisher-com.alibaba.nacos.common.notify.SlowEvent" daemon [_thread_blocked, id=20124, stack(0x000000172db00000,0x000000172dc00000)]
  0x0000019f0d098800 JavaThread "com.alibaba.nacos.naming.push.receiver" daemon [_thread_in_native, id=21220, stack(0x000000172da00000,0x000000172db00000)]
  0x0000019f0d09e800 JavaThread "com.alibaba.nacos.naming.failover" daemon [_thread_blocked, id=10288, stack(0x000000172d900000,0x000000172da00000)]
  0x0000019f0d09c800 JavaThread "com.alibaba.nacos.client.naming.updater" daemon [_thread_blocked, id=10884, stack(0x000000172d800000,0x000000172d900000)]
  0x0000019f0d097000 JavaThread "com.alibaba.nacos.client.naming.updater" daemon [_thread_blocked, id=17264, stack(0x000000172d700000,0x000000172d800000)]
  0x0000019f0d09e000 JavaThread "File Watcher" daemon [_thread_blocked, id=14440, stack(0x000000172d400000,0x000000172d500000)]
  0x0000019f0add1800 JavaThread "spring.cloud.inetutils" daemon [_thread_blocked, id=26604, stack(0x000000172d300000,0x000000172d400000)]
  0x0000019f0adcc800 JavaThread "lettuce-eventExecutorLoop-1-2" daemon [_thread_blocked, id=22412, stack(0x000000172d200000,0x000000172d300000)]
  0x0000019f0adcb000 JavaThread "lettuce-eventExecutorLoop-1-1" daemon [_thread_blocked, id=3016, stack(0x000000172d100000,0x000000172d200000)]
  0x0000019f0adc9000 JavaThread "lettuce-nioEventLoop-4-1" daemon [_thread_in_native, id=3968, stack(0x000000172d000000,0x000000172d100000)]
  0x0000019f0a598000 JavaThread "I/O dispatcher 12" [_thread_in_native, id=27792, stack(0x000000172cf00000,0x000000172d000000)]
  0x0000019f0a597800 JavaThread "I/O dispatcher 11" [_thread_in_native, id=1996, stack(0x000000172ce00000,0x000000172cf00000)]
  0x0000019f0a595000 JavaThread "I/O dispatcher 10" [_thread_in_native, id=26100, stack(0x000000172cd00000,0x000000172ce00000)]
  0x0000019f0a592000 JavaThread "I/O dispatcher 9" [_thread_in_native, id=25240, stack(0x000000172cc00000,0x000000172cd00000)]
  0x0000019f0a591000 JavaThread "I/O dispatcher 8" [_thread_in_native, id=25556, stack(0x000000172cb00000,0x000000172cc00000)]
  0x0000019f0a596800 JavaThread "I/O dispatcher 7" [_thread_in_native, id=25564, stack(0x000000172ca00000,0x000000172cb00000)]
  0x0000019f0a589800 JavaThread "I/O dispatcher 6" [_thread_in_native, id=8768, stack(0x000000172c900000,0x000000172ca00000)]
  0x0000019f0a590800 JavaThread "I/O dispatcher 5" [_thread_in_native, id=25420, stack(0x000000172c800000,0x000000172c900000)]
  0x0000019f0a58a000 JavaThread "I/O dispatcher 4" [_thread_in_native, id=28284, stack(0x000000172c700000,0x000000172c800000)]
  0x0000019f0a58f000 JavaThread "I/O dispatcher 3" [_thread_in_native, id=28132, stack(0x000000172c600000,0x000000172c700000)]
  0x0000019f0a58d000 JavaThread "I/O dispatcher 2" [_thread_in_native, id=23484, stack(0x000000172c500000,0x000000172c600000)]
  0x0000019f0a58b000 JavaThread "I/O dispatcher 1" [_thread_in_native, id=21632, stack(0x000000172c400000,0x000000172c500000)]
  0x0000019f0a58c800 JavaThread "pool-4-thread-1" [_thread_in_native, id=19952, stack(0x000000172c300000,0x000000172c400000)]
  0x0000019f048cd000 JavaThread "container-0" [_thread_blocked, id=21560, stack(0x000000172c200000,0x000000172c300000)]
  0x0000019f0804e800 JavaThread "Catalina-utility-2" [_thread_blocked, id=24572, stack(0x000000172c100000,0x000000172c200000)]
  0x0000019f0804e000 JavaThread "Catalina-utility-1" [_thread_blocked, id=332, stack(0x000000172c000000,0x000000172c100000)]
  0x0000019f0804c800 JavaThread "RMI TCP Connection(9)-192.168.101.92" daemon [_thread_in_native, id=22836, stack(0x000000172bf00000,0x000000172c000000)]
  0x0000019f01ce7000 JavaThread "RMI TCP Connection(6)-192.168.101.92" daemon [_thread_in_native, id=7808, stack(0x000000172be00000,0x000000172bf00000)]
  0x0000019f048d6000 JavaThread "Keep-Alive-Timer" daemon [_thread_blocked, id=19540, stack(0x000000172b900000,0x000000172ba00000)]
  0x0000019f048d4800 JavaThread "com.alibaba.nacos.client.Worker.fixed-39.108.228.2_8848-17852841-4990-414d-86a3-7e33c665f74d" daemon [_thread_blocked, id=6816, stack(0x000000172bc00000,0x000000172bd00000)]
  0x0000019f048d3800 JavaThread "com.alibaba.nacos.client.config.security.updater" daemon [_thread_blocked, id=25360, stack(0x000000172bb00000,0x000000172bc00000)]
  0x0000019f048d2000 JavaThread "com.alibaba.nacos.client.identify.watcher.0" daemon [_thread_blocked, id=25444, stack(0x000000172ba00000,0x000000172bb00000)]
  0x0000019f048c7800 JavaThread "RMI TCP Connection(4)-192.168.101.92" daemon [_thread_in_native, id=10696, stack(0x000000172b100000,0x000000172b200000)]
  0x0000019f01ce5800 JavaThread "RMI Scheduler(0)" daemon [_thread_blocked, id=25216, stack(0x000000172bd00000,0x000000172be00000)]
  0x0000019f01cec800 JavaThread "RMI TCP Connection(2)-192.168.101.92" daemon [_thread_in_native, id=25292, stack(0x000000172b800000,0x000000172b900000)]
  0x0000019f01d72000 JavaThread "RMI TCP Accept-0" daemon [_thread_in_native, id=18296, stack(0x000000172a500000,0x000000172a600000)]
  0x0000019f01d71800 JavaThread "Service Thread" daemon [_thread_blocked, id=22568, stack(0x000000172b600000,0x000000172b700000)]
  0x0000019f02b42000 JavaThread "C1 CompilerThread3" daemon [_thread_blocked, id=6488, stack(0x000000172b500000,0x000000172b600000)]
  0x0000019f02b41800 JavaThread "C2 CompilerThread2" daemon [_thread_blocked, id=18056, stack(0x000000172b400000,0x000000172b500000)]
  0x0000019f02b40800 JavaThread "C2 CompilerThread1" daemon [_thread_blocked, id=6340, stack(0x000000172b300000,0x000000172b400000)]
  0x0000019f02b39000 JavaThread "C2 CompilerThread0" daemon [_thread_blocked, id=24108, stack(0x000000172b200000,0x000000172b300000)]
  0x0000019f01d6e000 JavaThread "rebel-build-info" daemon [_thread_in_native, id=23460, stack(0x000000172b000000,0x000000172b100000)]
  0x0000019f01d6d800 JavaThread "rebel-change-detector-thread" daemon [_thread_blocked, id=29356, stack(0x000000172af00000,0x000000172b000000)]
  0x0000019f01d70800 JavaThread "rebel-debugger-thread" daemon [_thread_blocked, id=20728, stack(0x000000172a900000,0x000000172aa00000)]
  0x0000019f01d6c800 JavaThread "rebel-debugger-attach-notifier" daemon [_thread_blocked, id=26640, stack(0x000000172a800000,0x000000172a900000)]
  0x0000019f01d70000 JavaThread "rebel-heartbeat-thread" daemon [_thread_blocked, id=2992, stack(0x000000172a700000,0x000000172a800000)]
  0x0000019f01d65000 JavaThread "rebel-redeploy-thread" daemon [_thread_blocked, id=21628, stack(0x000000172a600000,0x000000172a700000)]
  0x0000019f01d6a800 JavaThread "rebel-leaseManager-1" daemon [_thread_blocked, id=19912, stack(0x000000172a400000,0x000000172a500000)]
  0x0000019f01d69800 JavaThread "rebel-messaging-executor-45" daemon [_thread_blocked, id=27312, stack(0x000000172a200000,0x000000172a300000)]
  0x0000019f01d6b000 JavaThread "rebel-IDENotificationsImpl-PostCycle" daemon [_thread_blocked, id=12480, stack(0x000000172a100000,0x000000172a200000)]
  0x0000019f01d68800 JavaThread "rebel-weak-reaper" daemon [_thread_blocked, id=20704, stack(0x000000172a000000,0x000000172a100000)]
  0x0000019f01d67000 JavaThread "rebel-fsnotify-OutputReader" daemon [_thread_in_native, id=2804, stack(0x000000172ae00000,0x000000172af00000)]
  0x0000019f01d68000 JavaThread "rebel-fsnotify-OutputReader" daemon [_thread_in_native, id=28976, stack(0x000000172ad00000,0x000000172ae00000)]
  0x0000019f01d65800 JavaThread "rebel-fsnotify-ShutdownOnTermination" daemon [_thread_in_native, id=1548, stack(0x000000172ac00000,0x000000172ad00000)]
  0x0000019f01ce6000 JavaThread "rebel-CacheKeepAlive" daemon [_thread_blocked, id=25184, stack(0x000000172ab00000,0x000000172ac00000)]
  0x0000019f01cdf800 JavaThread "rebel-logger" daemon [_thread_blocked, id=24864, stack(0x000000172aa00000,0x000000172ab00000)]
  0x0000019f00647000 JavaThread "JDWP Command Reader" daemon [_thread_in_native, id=27564, stack(0x0000001729f00000,0x000000172a000000)]
  0x0000019f00636800 JavaThread "JDWP Event Helper Thread" daemon [_thread_blocked, id=21540, stack(0x0000001729e00000,0x0000001729f00000)]
  0x0000019f7eb6a800 JavaThread "JDWP Transport Listener: dt_socket" daemon [_thread_blocked, id=27444, stack(0x0000001729d00000,0x0000001729e00000)]
  0x0000019f0061d800 JavaThread "Attach Listener" daemon [_thread_blocked, id=8812, stack(0x0000001729c00000,0x0000001729d00000)]
  0x0000019f0061c800 JavaThread "Signal Dispatcher" daemon [_thread_blocked, id=14760, stack(0x0000001729b00000,0x0000001729c00000)]
  0x0000019f7ed65800 JavaThread "Finalizer" daemon [_thread_blocked, id=5296, stack(0x0000001729900000,0x0000001729a00000)]
  0x0000019f7ed62000 JavaThread "Reference Handler" daemon [_thread_blocked, id=26124, stack(0x0000001729800000,0x0000001729900000)]

Other Threads:
  0x0000019f7ed5d800 VMThread [stack: 0x0000001729700000,0x0000001729800000] [id=2232]
  0x0000019f040ae800 WatcherThread [stack: 0x000000172b700000,0x000000172b800000] [id=28540]

VM state:not at safepoint (normal execution)

VM Mutex/Monitor currently owned by a thread: None

heap address: 0x00000005c1200000, size: 8174 MB, Compressed Oops mode: Zero based, Oop shift amount: 3
Narrow klass base: 0x0000000000000000, Narrow klass shift: 3
Compressed class space size: 1073741824 Address: 0x00000007c0000000

Heap:
 PSYoungGen      total 759808K, used 255236K [0x0000000715b80000, 0x000000074e980000, 0x00000007c0000000)
  eden space 738816K, 31% used [0x0000000715b80000,0x00000007240466a0,0x0000000742d00000)
  from space 20992K, 99% used [0x0000000742d00000,0x000000074417ab90,0x0000000744180000)
  to   space 28160K, 0% used [0x000000074ce00000,0x000000074ce00000,0x000000074e980000)
 ParOldGen       total 387072K, used 42847K [0x00000005c1200000, 0x00000005d8c00000, 0x0000000715b80000)
  object space 387072K, 11% used [0x00000005c1200000,0x00000005c3bd7df0,0x00000005d8c00000)
 Metaspace       used 85582K, capacity 89748K, committed 89880K, reserved 1128448K
  class space    used 10767K, capacity 11490K, committed 11568K, reserved 1048576K

Card table byte_map: [0x0000019f6b7b0000,0x0000019f6c7b0000] byte_map_base: 0x0000019f689a7000

Marking Bits: (ParMarkBitMap*) 0x0000000063107860
 Begin Bits: [0x0000019f6d260000, 0x0000019f75218000)
 End Bits:   [0x0000019f75218000, 0x0000019f7d1d0000)

Polling page: 0x0000019f5c390000

CodeCache: size=245760Kb used=17819Kb max_used=17824Kb free=227940Kb
 bounds [0x0000019f5c3f0000, 0x0000019f5d560000, 0x0000019f6b3f0000]
 total_blobs=10502 nmethods=9858 adapters=565
 compilation: enabled

Compilation events (10 events):
Event: 48.296 Thread 0x0000019f02b42000 nmethod 10069 0x0000019f5cefad90 code [0x0000019f5cefaee0, 0x0000019f5cefb018]
Event: 48.343 Thread 0x0000019f02b42000 10070       1       java.io.File::listFiles (56 bytes)
Event: 48.343 Thread 0x0000019f02b42000 nmethod 10070 0x0000019f5cc32310 code [0x0000019f5cc324a0, 0x0000019f5cc32800]
Event: 48.499 Thread 0x0000019f02b42000 10071       1       com.fasterxml.jackson.databind.introspect.BasicBeanDescription::_jr$ig$_classInfo (8 bytes)
Event: 48.499 Thread 0x0000019f02b42000 nmethod 10071 0x0000019f5cc31fd0 code [0x0000019f5cc32120, 0x0000019f5cc32258]
Event: 48.499 Thread 0x0000019f02b42000 10072       1       com.fasterxml.jackson.databind.introspect.Annotated::<init> (5 bytes)
Event: 48.499 Thread 0x0000019f02b42000 nmethod 10072 0x0000019f5cc31c10 code [0x0000019f5cc31d60, 0x0000019f5cc31e78]
Event: 48.499 Thread 0x0000019f02b42000 10074       1       com.fasterxml.jackson.databind.introspect.POJOPropertyBuilder::fromMemberAnnotations (153 bytes)
Event: 48.500 Thread 0x0000019f02b42000 nmethod 10074 0x0000019f5ca7a190 code [0x0000019f5ca7a340, 0x0000019f5ca7a6e0]
Event: 48.500 Thread 0x0000019f02b42000 10076       1       com.fasterxml.jackson.databind.type.TypeFactory::_fromAny (373 bytes)

GC Heap History (10 events):
Event: 30.330 GC heap before
{Heap before GC invocations=10 (full 2):
 PSYoungGen      total 408576K, used 406792K [0x0000000715b80000, 0x000000073aa00000, 0x00000007c0000000)
  eden space 394240K, 100% used [0x0000000715b80000,0x000000072dc80000,0x000000072dc80000)
  from space 14336K, 87% used [0x000000072dc80000,0x000000072e8c2358,0x000000072ea80000)
  to   space 15872K, 0% used [0x0000000739a80000,0x0000000739a80000,0x000000073aa00000)
 ParOldGen       total 282112K, used 15340K [0x00000005c1200000, 0x00000005d2580000, 0x0000000715b80000)
  object space 282112K, 5% used [0x00000005c1200000,0x00000005c20fb230,0x00000005d2580000)
 Metaspace       used 52650K, capacity 54732K, committed 54832K, reserved 1097728K
  class space    used 6726K, capacity 7155K, committed 7216K, reserved 1048576K
Event: 30.352 GC heap after
Heap after GC invocations=10 (full 2):
 PSYoungGen      total 587264K, used 14017K [0x0000000715b80000, 0x000000073c880000, 0x00000007c0000000)
  eden space 571392K, 0% used [0x0000000715b80000,0x0000000715b80000,0x0000000738980000)
  from space 15872K, 88% used [0x0000000739a80000,0x000000073a830670,0x000000073aa00000)
  to   space 17408K, 0% used [0x0000000738980000,0x0000000738980000,0x0000000739a80000)
 ParOldGen       total 282112K, used 15412K [0x00000005c1200000, 0x00000005d2580000, 0x0000000715b80000)
  object space 282112K, 5% used [0x00000005c1200000,0x00000005c210d240,0x00000005d2580000)
 Metaspace       used 52650K, capacity 54732K, committed 54832K, reserved 1097728K
  class space    used 6726K, capacity 7155K, committed 7216K, reserved 1048576K
}
Event: 32.650 GC heap before
{Heap before GC invocations=11 (full 2):
 PSYoungGen      total 587264K, used 322354K [0x0000000715b80000, 0x000000073c880000, 0x00000007c0000000)
  eden space 571392K, 53% used [0x0000000715b80000,0x000000072889c2c8,0x0000000738980000)
  from space 15872K, 88% used [0x0000000739a80000,0x000000073a830670,0x000000073aa00000)
  to   space 17408K, 0% used [0x0000000738980000,0x0000000738980000,0x0000000739a80000)
 ParOldGen       total 282112K, used 15412K [0x00000005c1200000, 0x00000005d2580000, 0x0000000715b80000)
  object space 282112K, 5% used [0x00000005c1200000,0x00000005c210d240,0x00000005d2580000)
 Metaspace       used 56779K, capacity 59048K, committed 59160K, reserved 1101824K
  class space    used 7216K, capacity 7673K, committed 7728K, reserved 1048576K
Event: 32.666 GC heap after
Heap after GC invocations=11 (full 2):
 PSYoungGen      total 588800K, used 15312K [0x0000000715b80000, 0x0000000745780000, 0x00000007c0000000)
  eden space 571392K, 0% used [0x0000000715b80000,0x0000000715b80000,0x0000000738980000)
  from space 17408K, 87% used [0x0000000738980000,0x0000000739874298,0x0000000739a80000)
  to   space 18944K, 0% used [0x0000000744500000,0x0000000744500000,0x0000000745780000)
 ParOldGen       total 282112K, used 17668K [0x00000005c1200000, 0x00000005d2580000, 0x0000000715b80000)
  object space 282112K, 6% used [0x00000005c1200000,0x00000005c2341270,0x00000005d2580000)
 Metaspace       used 56779K, capacity 59048K, committed 59160K, reserved 1101824K
  class space    used 7216K, capacity 7673K, committed 7728K, reserved 1048576K
}
Event: 32.666 GC heap before
{Heap before GC invocations=12 (full 3):
 PSYoungGen      total 588800K, used 15312K [0x0000000715b80000, 0x0000000745780000, 0x00000007c0000000)
  eden space 571392K, 0% used [0x0000000715b80000,0x0000000715b80000,0x0000000738980000)
  from space 17408K, 87% used [0x0000000738980000,0x0000000739874298,0x0000000739a80000)
  to   space 18944K, 0% used [0x0000000744500000,0x0000000744500000,0x0000000745780000)
 ParOldGen       total 282112K, used 17668K [0x00000005c1200000, 0x00000005d2580000, 0x0000000715b80000)
  object space 282112K, 6% used [0x00000005c1200000,0x00000005c2341270,0x00000005d2580000)
 Metaspace       used 56779K, capacity 59048K, committed 59160K, reserved 1101824K
  class space    used 7216K, capacity 7673K, committed 7728K, reserved 1048576K
Event: 32.822 GC heap after
Heap after GC invocations=12 (full 3):
 PSYoungGen      total 588800K, used 0K [0x0000000715b80000, 0x0000000745780000, 0x00000007c0000000)
  eden space 571392K, 0% used [0x0000000715b80000,0x0000000715b80000,0x0000000738980000)
  from space 17408K, 0% used [0x0000000738980000,0x0000000738980000,0x0000000739a80000)
  to   space 18944K, 0% used [0x0000000744500000,0x0000000744500000,0x0000000745780000)
 ParOldGen       total 387072K, used 31185K [0x00000005c1200000, 0x00000005d8c00000, 0x0000000715b80000)
  object space 387072K, 8% used [0x00000005c1200000,0x00000005c30746f0,0x00000005d8c00000)
 Metaspace       used 56779K, capacity 59048K, committed 59160K, reserved 1101824K
  class space    used 7216K, capacity 7673K, committed 7728K, reserved 1048576K
}
Event: 38.002 GC heap before
{Heap before GC invocations=13 (full 3):
 PSYoungGen      total 588800K, used 571392K [0x0000000715b80000, 0x0000000745780000, 0x00000007c0000000)
  eden space 571392K, 100% used [0x0000000715b80000,0x0000000738980000,0x0000000738980000)
  from space 17408K, 0% used [0x0000000738980000,0x0000000738980000,0x0000000739a80000)
  to   space 18944K, 0% used [0x0000000744500000,0x0000000744500000,0x0000000745780000)
 ParOldGen       total 387072K, used 31185K [0x00000005c1200000, 0x00000005d8c00000, 0x0000000715b80000)
  object space 387072K, 8% used [0x00000005c1200000,0x00000005c30746f0,0x00000005d8c00000)
 Metaspace       used 65837K, capacity 68822K, committed 69016K, reserved 1110016K
  class space    used 8293K, capacity 8825K, committed 8880K, reserved 1048576K
Event: 38.017 GC heap after
Heap after GC invocations=13 (full 3):
 PSYoungGen      total 728064K, used 17134K [0x0000000715b80000, 0x0000000745600000, 0x00000007c0000000)
  eden space 710656K, 0% used [0x0000000715b80000,0x0000000715b80000,0x0000000741180000)
  from space 17408K, 98% used [0x0000000744500000,0x00000007455bb9e0,0x0000000745600000)
  to   space 20992K, 0% used [0x0000000742d00000,0x0000000742d00000,0x0000000744180000)
 ParOldGen       total 387072K, used 31193K [0x00000005c1200000, 0x00000005d8c00000, 0x0000000715b80000)
  object space 387072K, 8% used [0x00000005c1200000,0x00000005c30766f0,0x00000005d8c00000)
 Metaspace       used 65837K, capacity 68822K, committed 69016K, reserved 1110016K
  class space    used 8293K, capacity 8825K, committed 8880K, reserved 1048576K
}
Event: 42.830 GC heap before
{Heap before GC invocations=14 (full 3):
 PSYoungGen      total 728064K, used 727790K [0x0000000715b80000, 0x0000000745600000, 0x00000007c0000000)
  eden space 710656K, 100% used [0x0000000715b80000,0x0000000741180000,0x0000000741180000)
  from space 17408K, 98% used [0x0000000744500000,0x00000007455bb9e0,0x0000000745600000)
  to   space 20992K, 0% used [0x0000000742d00000,0x0000000742d00000,0x0000000744180000)
 ParOldGen       total 387072K, used 31193K [0x00000005c1200000, 0x00000005d8c00000, 0x0000000715b80000)
  object space 387072K, 8% used [0x00000005c1200000,0x00000005c30766f0,0x00000005d8c00000)
 Metaspace       used 82166K, capacity 86294K, committed 86424K, reserved 1124352K
  class space    used 10387K, capacity 11101K, committed 11184K, reserved 1048576K
Event: 42.855 GC heap after
Heap after GC invocations=14 (full 3):
 PSYoungGen      total 759808K, used 20970K [0x0000000715b80000, 0x000000074e980000, 0x00000007c0000000)
  eden space 738816K, 0% used [0x0000000715b80000,0x0000000715b80000,0x0000000742d00000)
  from space 20992K, 99% used [0x0000000742d00000,0x000000074417ab90,0x0000000744180000)
  to   space 28160K, 0% used [0x000000074ce00000,0x000000074ce00000,0x000000074e980000)
 ParOldGen       total 387072K, used 42847K [0x00000005c1200000, 0x00000005d8c00000, 0x0000000715b80000)
  object space 387072K, 11% used [0x00000005c1200000,0x00000005c3bd7df0,0x00000005d8c00000)
 Metaspace       used 82166K, capacity 86294K, committed 86424K, reserved 1124352K
  class space    used 10387K, capacity 11101K, committed 11184K, reserved 1048576K
}

Deoptimization events (0 events):
No events

Classes redefined (8 events):
Event: 12.453 Thread 0x0000019f7ed5d800 redefined class name=com.zeroturnaround.jrebelbase.facade.ba, count=1
Event: 12.455 Thread 0x0000019f7ed5d800 redefined class name=com.zeroturnaround.jrebelbase.facade.au, count=1
Event: 12.457 Thread 0x0000019f7ed5d800 redefined class name=com.zeroturnaround.jrebelbase.facade.a, count=1
Event: 12.461 Thread 0x0000019f7ed5d800 redefined class name=com.zeroturnaround.jrebelbase.d, count=1
Event: 12.463 Thread 0x0000019f7ed5d800 redefined class name=com.zeroturnaround.jrebelbase.facade.f, count=1
Event: 12.465 Thread 0x0000019f7ed5d800 redefined class name=com.zeroturnaround.jrebelbase.facade.e, count=1
Event: 12.467 Thread 0x0000019f7ed5d800 redefined class name=com.zeroturnaround.jrebelbase.facade.g, count=1
Event: 12.469 Thread 0x0000019f7ed5d800 redefined class name=com.zeroturnaround.jrebelbase.facade.ad, count=1

Internal exceptions (10 events):
Event: 43.147 Thread 0x0000019f5a640800 Exception <a 'java/lang/ClassNotFoundException': org/springframework/beans/factory/AwareCustomizer> (0x000000071885b8c0) thrown at [C:\wsjdk\Corretto8Src\installers\windows\zip\corretto-build\buildRoot\src\hotspot\src\share\vm\classfile\systemDictionary.c
Event: 43.148 Thread 0x0000019f5a640800 Exception <a 'java/lang/ClassNotFoundException': org/springframework/context/ApplicationListenerCustomizer> (0x000000071888a120) thrown at [C:\wsjdk\Corretto8Src\installers\windows\zip\corretto-build\buildRoot\src\hotspot\src\share\vm\classfile\systemDict
Event: 43.148 Thread 0x0000019f5a640800 Exception <a 'java/lang/ClassNotFoundException': java/util/EventListenerCustomizer> (0x000000071889ad00) thrown at [C:\wsjdk\Corretto8Src\installers\windows\zip\corretto-build\buildRoot\src\hotspot\src\share\vm\classfile\systemDictionary.cpp, line 217]
Event: 43.150 Thread 0x0000019f5a640800 Exception <a 'java/lang/ClassNotFoundException': java/lang/ObjectCustomizer> (0x00000007188c7be8) thrown at [C:\wsjdk\Corretto8Src\installers\windows\zip\corretto-build\buildRoot\src\hotspot\src\share\vm\classfile\systemDictionary.cpp, line 217]
Event: 43.150 Thread 0x0000019f5a640800 Exception <a 'java/lang/ClassNotFoundException': org/springframework/jmx/export/metadata/AbstractJmxAttributeCustomizer> (0x0000000718901b18) thrown at [C:\wsjdk\Corretto8Src\installers\windows\zip\corretto-build\buildRoot\src\hotspot\src\share\vm\classfi
Event: 43.151 Thread 0x0000019f5a640800 Exception <a 'java/lang/ClassNotFoundException': org/springframework/jmx/export/metadata/ManagedAttributeCustomizer> (0x000000071893afc8) thrown at [C:\wsjdk\Corretto8Src\installers\windows\zip\corretto-build\buildRoot\src\hotspot\src\share\vm\classfile\s
Event: 43.485 Thread 0x0000019f5a640800 Exception <a 'java/lang/ClassNotFoundException': java/lang/ObjectCustomizer> (0x0000000720415800) thrown at [C:\wsjdk\Corretto8Src\installers\windows\zip\corretto-build\buildRoot\src\hotspot\src\share\vm\classfile\systemDictionary.cpp, line 217]
Event: 43.486 Thread 0x0000019f5a640800 Exception <a 'java/lang/ClassNotFoundException': com/alibaba/cloud/nacos/NacosDiscoveryPropertiesCustomizer> (0x0000000720447e70) thrown at [C:\wsjdk\Corretto8Src\installers\windows\zip\corretto-build\buildRoot\src\hotspot\src\share\vm\classfile\systemDic
Event: 48.310 Thread 0x0000019f048d2000 Exception <a 'java/io/FileNotFoundException'> (0x0000000723fb87e0) thrown at [C:\wsjdk\Corretto8Src\installers\windows\zip\corretto-build\buildRoot\src\hotspot\src\share\vm\prims\jni.cpp, line 711]
Event: 48.310 Thread 0x0000019f048d2000 Exception <a 'java/io/FileNotFoundException'> (0x0000000723fb8db8) thrown at [C:\wsjdk\Corretto8Src\installers\windows\zip\corretto-build\buildRoot\src\hotspot\src\share\vm\prims\jni.cpp, line 711]

Events (10 events):
Event: 47.285 Thread 0x0000019f02b42000 flushing nmethod 0x0000019f5cefad90
Event: 47.298 Thread 0x0000019f02b42000 flushing nmethod 0x0000019f5d0e0b10
Event: 47.503 Thread 0x0000019f02b42000 flushing nmethod 0x0000019f5d1362d0
Event: 47.503 Thread 0x0000019f02b42000 flushing nmethod 0x0000019f5d1eed90
Event: 48.309 Thread 0x0000019f048d2000 DEOPT PACKING pc=0x0000019f5cf2e5a4 sp=0x000000172baff160
Event: 48.309 Thread 0x0000019f048d2000 DEOPT UNPACKING pc=0x0000019f5c4371d8 sp=0x000000172bafef60 mode 0
Event: 48.310 Thread 0x0000019f048d2000 DEOPT PACKING pc=0x0000019f5d27352c sp=0x000000172bafeda0
Event: 48.310 Thread 0x0000019f048d2000 DEOPT UNPACKING pc=0x0000019f5c4371d8 sp=0x000000172bafeaa0 mode 1
Event: 48.310 Thread 0x0000019f048d2000 DEOPT PACKING pc=0x0000019f5d27352c sp=0x000000172bafeda0
Event: 48.310 Thread 0x0000019f048d2000 DEOPT UNPACKING pc=0x0000019f5c4371d8 sp=0x000000172bafeaa0 mode 1


Dynamic libraries:
0x00007ff77d610000 - 0x00007ff77d64a000 	C:\Users\miozus\.jdks\corretto-1.8.0_322\bin\java.exe
0x00007ffacec00000 - 0x00007ffacee07000 	C:\Windows\SYSTEM32\ntdll.dll
0x00007ffacdc40000 - 0x00007ffacdcfd000 	C:\Windows\System32\KERNEL32.DLL
0x00007ffacc4a0000 - 0x00007ffacc814000 	C:\Windows\System32\KERNELBASE.dll
0x00007ffacdb90000 - 0x00007ffacdc3e000 	C:\Windows\System32\ADVAPI32.dll
0x00007ffaccaa0000 - 0x00007ffaccb43000 	C:\Windows\System32\msvcrt.dll
0x00007ffacdaf0000 - 0x00007ffacdb8e000 	C:\Windows\System32\sechost.dll
0x00007ffacd850000 - 0x00007ffacd970000 	C:\Windows\System32\RPCRT4.dll
0x00007ffaccc70000 - 0x00007ffacce1c000 	C:\Windows\System32\USER32.dll
0x00007ffacc0f0000 - 0x00007ffacc116000 	C:\Windows\System32\win32u.dll
0x00007ffacd970000 - 0x00007ffacd999000 	C:\Windows\System32\GDI32.dll
0x00007ffacc300000 - 0x00007ffacc412000 	C:\Windows\System32\gdi32full.dll
0x00007ffacca00000 - 0x00007ffacca9d000 	C:\Windows\System32\msvcp_win.dll
0x00007ffacc120000 - 0x00007ffacc231000 	C:\Windows\System32\ucrtbase.dll
0x00007ffacb2d0000 - 0x00007ffacb575000 	C:\Windows\WinSxS\amd64_microsoft.windows.common-controls_6595b64144ccf1df_6.0.22000.120_none_9d947278b86cc467\COMCTL32.dll
0x00007ffaccf40000 - 0x00007ffaccf71000 	C:\Windows\System32\IMM32.DLL
0x00007ffaa8c80000 - 0x00007ffaa8d6f000 	C:\Users\miozus\.jdks\corretto-1.8.0_322\jre\bin\msvcr120.dll
0x00007ffaa8bd0000 - 0x00007ffaa8c76000 	C:\Users\miozus\.jdks\corretto-1.8.0_322\jre\bin\msvcp120.dll
0x0000000062910000 - 0x0000000063186000 	C:\Users\miozus\.jdks\corretto-1.8.0_322\jre\bin\server\jvm.dll
0x00007ffacdd30000 - 0x00007ffacdd38000 	C:\Windows\System32\PSAPI.DLL
0x00007ffaa6c80000 - 0x00007ffaa6c89000 	C:\Windows\SYSTEM32\WSOCK32.dll
0x00007ffacd590000 - 0x00007ffacd5ff000 	C:\Windows\System32\WS2_32.dll
0x00007ffac9860000 - 0x00007ffac9893000 	C:\Windows\SYSTEM32\WINMM.dll
0x00007ffac3c90000 - 0x00007ffac3c9a000 	C:\Windows\SYSTEM32\VERSION.dll
0x00007ffacb7d0000 - 0x00007ffacb7df000 	C:\Users\miozus\.jdks\corretto-1.8.0_322\jre\bin\verify.dll
0x00007ffac6330000 - 0x00007ffac6359000 	C:\Users\miozus\.jdks\corretto-1.8.0_322\jre\bin\java.dll
0x00007ffaa91e0000 - 0x00007ffaa9215000 	C:\Users\miozus\.jdks\corretto-1.8.0_322\jre\bin\jdwp.dll
0x00007ffac7450000 - 0x00007ffac7458000 	C:\Users\miozus\.jdks\corretto-1.8.0_322\jre\bin\npt.dll
0x00007ffaa8a90000 - 0x00007ffaa8add000 	E:\JetBrains\Toolbox\apps\IDEA-U\ch-0\213.5744.223.plugins\jr-ide-idea\lib\jrebel6\lib\jrebel64.dll
0x00007ffacdd60000 - 0x00007fface50e000 	C:\Windows\System32\SHELL32.dll
0x00007ffacb170000 - 0x00007ffacb17c000 	C:\Windows\SYSTEM32\CRYPTBASE.DLL
0x00007ffaccf80000 - 0x00007ffacd06a000 	C:\Windows\System32\shcore.dll
0x00007ffaa87e0000 - 0x00007ffaa880a000 	C:\Users\miozus\.jdks\corretto-1.8.0_322\jre\bin\instrument.dll
0x00007ffac61e0000 - 0x00007ffac61f6000 	C:\Users\miozus\.jdks\corretto-1.8.0_322\jre\bin\zip.dll
0x00007ffac9ba0000 - 0x00007ffaca407000 	C:\Windows\SYSTEM32\windows.storage.dll
0x00007ffacd070000 - 0x00007ffacd3e8000 	C:\Windows\System32\combase.dll
0x00007ffac9a30000 - 0x00007ffac9b96000 	C:\Windows\SYSTEM32\wintypes.dll
0x00007ffacda90000 - 0x00007ffacdaed000 	C:\Windows\System32\shlwapi.dll
0x00007ffacc020000 - 0x00007ffacc041000 	C:\Windows\SYSTEM32\profapi.dll
0x00007ffaab1d0000 - 0x00007ffaab1d9000 	C:\Users\miozus\.jdks\corretto-1.8.0_322\jre\bin\dt_socket.dll
0x00007ffacb100000 - 0x00007ffacb167000 	C:\Windows\system32\mswsock.dll
0x00007ffaacaf0000 - 0x00007ffaacb0a000 	C:\Users\miozus\.jdks\corretto-1.8.0_322\jre\bin\net.dll
0x00007ffaa9220000 - 0x00007ffaa9232000 	C:\Users\miozus\.jdks\corretto-1.8.0_322\jre\bin\nio.dll
0x00007ffaa85c0000 - 0x00007ffaa85e3000 	C:\Users\miozus\.jdks\corretto-1.8.0_322\jre\bin\sunec.dll
0x00007ffac62c0000 - 0x00007ffac62cd000 	C:\Users\miozus\.jdks\corretto-1.8.0_322\jre\bin\management.dll
0x00007ffab4020000 - 0x00007ffab402c000 	C:\Users\miozus\.jdks\corretto-1.8.0_322\jre\bin\sunmscapi.dll
0x00007ffacc890000 - 0x00007ffacc9f2000 	C:\Windows\System32\CRYPT32.dll
0x00007ffacb620000 - 0x00007ffacb648000 	C:\Windows\SYSTEM32\ncrypt.dll
0x00007ffacb5c0000 - 0x00007ffacb5f7000 	C:\Windows\SYSTEM32\NTASN1.dll
0x00007ffaa8580000 - 0x00007ffaa859b000 	C:\Users\miozus\.jrebel\jrebel-temp\ver-4b596bcb\IdeaWin64.dll
0x00007ffacbda0000 - 0x00007ffacbdb8000 	C:\Windows\SYSTEM32\CRYPTSP.dll
0x00007ffacab00000 - 0x00007ffacab35000 	C:\Windows\system32\rsaenh.dll
0x00007ffacaf80000 - 0x00007ffacafa9000 	C:\Windows\SYSTEM32\USERENV.dll
0x00007ffacba10000 - 0x00007ffacba37000 	C:\Windows\SYSTEM32\bcrypt.dll
0x00007ffacc420000 - 0x00007ffacc49f000 	C:\Windows\System32\bcryptprimitives.dll
0x00007ffaca660000 - 0x00007ffaca68d000 	C:\Windows\SYSTEM32\IPHLPAPI.DLL
0x00007ffacd690000 - 0x00007ffacd699000 	C:\Windows\System32\NSI.dll
0x00007ffac7460000 - 0x00007ffac7479000 	C:\Windows\SYSTEM32\dhcpcsvc6.DLL
0x00007ffac7650000 - 0x00007ffac766e000 	C:\Windows\SYSTEM32\dhcpcsvc.DLL
0x00007ffaca6d0000 - 0x00007ffaca7b7000 	C:\Windows\SYSTEM32\DNSAPI.dll
0x00007ffabe3e0000 - 0x00007ffabe3ea000 	C:\Windows\System32\rasadhlp.dll
0x00007ffac6700000 - 0x00007ffac6781000 	C:\Windows\System32\fwpuclnt.dll
0x00007ffab5890000 - 0x00007ffab58a7000 	C:\Windows\system32\napinsp.dll
0x00007ffab5830000 - 0x00007ffab584b000 	C:\Windows\system32\pnrpnsp.dll
0x00007ffab5700000 - 0x00007ffab5712000 	C:\Windows\System32\winrnr.dll
0x00007ffac66e0000 - 0x00007ffac66f5000 	C:\Windows\system32\wshbth.dll
0x00007ffab56b0000 - 0x00007ffab56cf000 	C:\Windows\system32\nlansp_c.dll
0x00007ffacba40000 - 0x00007ffacbc61000 	C:\Windows\SYSTEM32\dbghelp.dll
0x00007ffa431c0000 - 0x00007ffa43234000 	C:\Windows\SYSTEM32\symsrv.dll

VM Arguments:
jvm_args: -agentlib:jdwp=transport=dt_socket,address=127.0.0.1:54019,suspend=y,server=n -Drebel.base=C:\Users\miozus\.jrebel -Drebel.env.ide.plugin.version=2022.1.0 -Drebel.env.ide.version=2021.3 -Drebel.env.ide.product=IU -Drebel.env.ide=intellij -Drebel.notification.url=http://localhost:17434 -agentpath:E:\JetBrains\Toolbox\apps\IDEA-U\ch-0\213.5744.223.plugins\jr-ide-idea\lib\jrebel6\lib\jrebel64.dll -Dvisualvm.id=77291455898500 -XX:TieredStopAtLevel=1 -Xverify:none -Dspring.output.ansi.enabled=always -javaagent:E:\JetBrains\Toolbox\apps\IDEA-U\ch-0\213.5744.223\plugins\java\lib\rt\debugger-agent.jar -Dcom.sun.management.jmxremote -Dspring.jmx.enabled=true -Dspring.liveBeansView.mbeanDomain -Dspring.application.admin.enabled=true -Dfile.encoding=UTF-8 
java_command: cn.miozus.gulimall.search.GulimallSearchApplication
java_class_path (initial): C:\Users\miozus\.jdks\corretto-1.8.0_322\jre\lib\charsets.jar;C:\Users\miozus\.jdks\corretto-1.8.0_322\jre\lib\ext\access-bridge-64.jar;C:\Users\miozus\.jdks\corretto-1.8.0_322\jre\lib\ext\cldrdata.jar;C:\Users\miozus\.jdks\corretto-1.8.0_322\jre\lib\ext\dnsns.jar;C:\Users\miozus\.jdks\corretto-1.8.0_322\jre\lib\ext\jaccess.jar;C:\Users\miozus\.jdks\corretto-1.8.0_322\jre\lib\ext\jfxrt.jar;C:\Users\miozus\.jdks\corretto-1.8.0_322\jre\lib\ext\localedata.jar;C:\Users\miozus\.jdks\corretto-1.8.0_322\jre\lib\ext\nashorn.jar;C:\Users\miozus\.jdks\corretto-1.8.0_322\jre\lib\ext\sunec.jar;C:\Users\miozus\.jdks\corretto-1.8.0_322\jre\lib\ext\sunjce_provider.jar;C:\Users\miozus\.jdks\corretto-1.8.0_322\jre\lib\ext\sunmscapi.jar;C:\Users\miozus\.jdks\corretto-1.8.0_322\jre\lib\ext\sunpkcs11.jar;C:\Users\miozus\.jdks\corretto-1.8.0_322\jre\lib\ext\zipfs.jar;C:\Users\miozus\.jdks\corretto-1.8.0_322\jre\lib\jce.jar;C:\Users\miozus\.jdks\corretto-1.8.0_322\jre\lib\jfr.jar;C:\Users\miozus\.jdks\corretto-1.8.0_322\jre\lib\jfxswt.jar;C:\Users\miozus\.jdks\corretto-1.8.0_322\jre\lib\jsse.jar;C:\Users\miozus\.jdks\corretto-1.8.0_322\jre\lib\management-agent.jar;C:\Users\miozus\.jdks\corretto-1.8.0_322\jre\lib\resources.jar;C:\Users\miozus\.jdks\corretto-1.8.0_322\jre\lib\rt.jar;E:\projects\IdeaProjects\gulimall\gulimall-search\target\classes;C:\Users\miozus\.m2\repository\org\springframework\boot\spring-boot-starter-thymeleaf\2.3.2.RELEASE\spring-boot-starter-thymeleaf-2.3.2.RELEASE.jar;C:\Users\miozus\.m2\repository\org\springframework\boot\spring-boot-starter\2.3.2.RELEASE\spring-boot-starter-2.3.2.RELEASE.jar;C:\Users\miozus\.m2\repository\org\springframework\boot\spring-boot-starter-logging\2.3.2.RELEASE\spring-boot-starter-logging-2.3.2.RELEASE.jar;C:\Users\miozus\.m2\repository\ch\qos\logback\logback-classic\1.2.3\logback-classic-1.2.3.jar;C:\Users\miozus\.m2\repository\ch\qos\logback\logback-core\1.2.3\logback-core-1.2.3.jar;C:\Users\miozus\.m2\repo
Launcher Type: SUN_STANDARD

Environment Variables:
JAVA_HOME=E:\Java\JDK\corretto-1.8.0_312
CLASSPATH=.E:\Java\JDK\corretto-1.8.0_312\lib;E:\Java\JDK\corretto-1.8.0_312\lib\dt.jar;E:\Java\JDK\corretto-1.8.0_312\lib\tools.jar;
PATH=C:\Program Files\Common Files\Oracle\Java\javapath;C:\Windows\system32;C:\Windows;C:\Windows\System32\Wbem;C:\Windows\System32\WindowsPowerShell\v1.0\;C:\Windows\System32\OpenSSH\;E:\Git\cmd;E:\Java\JDK\corretto-1.8.0_312\bin;E:\Java\JDK\corretto-1.8.0_312\jre\bin;C:\Users\miozus\AppData\Roaming\nvm;C:\Program Files\nodejs;E:\Neovim\bin;E:\miniconda3;E:\miniconda3\Scripts;E:\miniconda3\Library\bin;E:\Python\Python310\Scripts\;E:\Python\Python310\;C:\Users\miozus\AppData\Local\Microsoft\WindowsApps;E:\Java\JDK\corretto-1.8.0_312\bin;C:\Users\miozus\AppData\Roaming\nvm;C:\Program Files\nodejs;E:\Neovim\bin;E:\Microsoft VS Code\bin;E:\miniconda3;E:\miniconda3\Scripts;E:\miniconda3\Library\bin;D:\TOOLS\Bandzip\Bandizip;D:\TOOLS\Bandizip
USERNAME=miozus
OS=Windows_NT
PROCESSOR_IDENTIFIER=AMD64 Family 23 Model 113 Stepping 0, AuthenticAMD



---------------  S Y S T E M  ---------------

OS: Windows 10.0 , 64 bit Build 22000 (10.0.22000.434)

CPU:total 12 (initial active 12) (12 cores per cpu, 1 threads per core) family 23 model 113 stepping 0, cmov, cx8, fxsr, mmx, sse, sse2, sse3, ssse3, sse4.1, sse4.2, popcnt, avx, avx2, aes, clmul, mmxext, 3dnowpref, lzcnt, sse4a, tsc, tscinvbit, tscinv, bmi1

Memory: 4k page, physical 33478228k(13563100k free), swap 52352596k(24586760k free)

vm_info: OpenJDK 64-Bit Server VM (25.322-b06) for windows-amd64 JRE (1.8.0_322-b06), built on Jan 13 2022 23:37:51 by "Administrator" with MS VC++ 12.0 (VS2013)

time: Tue Jan 25 17:34:31 2022
timezone: ?D1¨²¡À¨º¡Á?¨º¡À??
elapsed time: 48.552633 seconds (0d 0h 0m 48s)

