#
# A fatal error has been detected by the Java Runtime Environment:
#
#  EXCEPTION_ACCESS_VIOLATION (0xc0000005) at pc=0x0000000062aa73e0, pid=21004, tid=0x00000000000027ec
#
# JRE version: OpenJDK Runtime Environment (8.0_322-b06) (build 1.8.0_322-b06)
# Java VM: OpenJDK 64-Bit Server VM (25.322-b06 mixed mode windows-amd64 compressed oops)
# Problematic frame:
# V  [jvm.dll+0x1973e0]
#
# Failed to write core dump. Minidumps are not enabled by default on client versions of Windows
#
# If you would like to submit a bug report, please visit:
#   https://github.com/corretto/corretto-8/issues/
#

---------------  T H R E A D  ---------------

Current thread (0x0000016393745800):  VMThread [stack: 0x0000005901400000,0x0000005901500000] [id=10220]

siginfo: ExceptionCode=0xc0000005, reading address 0xffffffffffffffff

Registers:
RAX=0x0000016393556ce0, RBX=0x0060000000000000, RCX=0x0000000000000000, RDX=0x0000000000000002
RSP=0x00000059014fee40, RBP=0x0000016393745800, RSI=0x0000016393745800, RDI=0x000001639eb304d8
R8 =0x0000000000000001, R9 =0x0000016393744470, R10=0x0000000000000002, R11=0x00000059014fedc8
R12=0x000001638187a1e8, R13=0x0000005902bfeb30, R14=0x0000000100a44d30, R15=0x0000000100017660
RIP=0x0000000062aa73e0, EFLAGS=0x0000000000010206

Top of Stack: (sp=0x00000059014fee40)
0x00000059014fee40:   0000000000000000 000001639eb37428
0x00000059014fee50:   0000016393745800 0000016393745800
0x00000059014fee60:   0000000000000000 0000000000000000
0x00000059014fee70:   0000016393745800 0000016393744a50
0x00000059014fee80:   00000163817f65d0 00000163817f65e0
0x00000059014fee90:   00000163817f66b8 00000000000000d8
0x00000059014feea0:   00000059014fef70 0000016397aacc70
0x00000059014feeb0:   0000000100a44d30 00000163817f66b8
0x00000059014feec0:   0000016393745800 0000000000000000
0x00000059014feed0:   00000001008afd30 00000000629525eb
0x00000059014feee0:   000001638187adb0 000001638187a100
0x00000059014feef0:   00000059014fef58 000001638187a1e8
0x00000059014fef00:   0000000000000000 0000000062aab3bc
0x00000059014fef10:   0000000100017660 0000000000000000
0x00000059014fef20:   0000000100017660 0000016381879f00
0x00000059014fef30:   0000000062ecdf70 0000000000000000 

Instructions: (pc=0x0000000062aa73e0)
0x0000000062aa73c0:   20 48 8b 9b 60 01 00 00 4c 8b 74 24 70 48 85 db
0x0000000062aa73d0:   74 3a 0f 1f 40 00 66 66 0f 1f 84 00 00 00 00 00
0x0000000062aa73e0:   48 8b 83 d8 00 00 00 48 8b 48 10 48 85 c9 74 10
0x0000000062aa73f0:   4c 8d 84 24 a8 00 00 00 48 8b d3 e8 60 4c f4 ff 


Register to memory mapping:

RAX=0x0000016393556ce0 is an unknown value
RBX=0x0060000000000000 is an unknown value
RCX=0x0000000000000000 is an unknown value
RDX=0x0000000000000002 is an unknown value
RSP=0x00000059014fee40 is an unknown value
RBP=0x0000016393745800 is an unknown value
RSI=0x0000016393745800 is an unknown value
RDI=0x000001639eb304d8 is pointing into metadata
R8 =0x0000000000000001 is an unknown value
R9 =0x0000016393744470 is an unknown value
R10=0x0000000000000002 is an unknown value
R11=0x00000059014fedc8 is an unknown value
R12=0x000001638187a1e8 is an unknown value
R13=0x0000005902bfeb30 is pointing into the stack for thread: 0x0000016396519800
R14=0x0000000100a44d30 is pointing into metadata
R15=0x0000000100017660 is pointing into metadata


Stack: [0x0000005901400000,0x0000005901500000],  sp=0x00000059014fee40,  free space=1019k
Native frames: (J=compiled Java code, j=interpreted, Vv=VM code, C=native code)
V  [jvm.dll+0x1973e0]
V  [jvm.dll+0x425eb]
V  [jvm.dll+0x19b3bc]
V  [jvm.dll+0x19799b]
V  [jvm.dll+0x220754]
V  [jvm.dll+0x21ed86]
V  [jvm.dll+0x21f4bf]
V  [jvm.dll+0x21f91d]
V  [jvm.dll+0x26baaa]
C  [msvcr120.dll+0x24f6b]
C  [msvcr120.dll+0x25098]
C  [KERNEL32.DLL+0x154e0]
C  [ntdll.dll+0x485b]

VM_Operation (0x0000005902bfeb30): RedefineClasses, mode: safepoint, requested by thread 0x0000016396519800, redefining class com.zeroturnaround.jrebelbase.facade.ba



---------------  P R O C E S S  ---------------

Java Threads: ( => current thread )
  0x000001639e081000 JavaThread "Keep-Alive-Timer" daemon [_thread_blocked, id=26760, stack(0x0000005901f00000,0x0000005902000000)]
  0x000001639e07f800 JavaThread "com.alibaba.nacos.client.Worker.longPolling.fixed-39.108.228.2_8848-66ba619e-cf35-40d5-b78f-72260f7de318" daemon [_thread_blocked, id=22852, stack(0x0000005904500000,0x0000005904600000)]
  0x000001639e077800 JavaThread "com.alibaba.nacos.client.Worker.longPolling.fixed-39.108.228.2_8848-66ba619e-cf35-40d5-b78f-72260f7de318" daemon [_thread_blocked, id=20668, stack(0x0000005904400000,0x0000005904500000)]
  0x000001639e07a000 JavaThread "com.alibaba.nacos.client.Worker.longPolling.fixed-39.108.228.2_8848-66ba619e-cf35-40d5-b78f-72260f7de318" daemon [_thread_blocked, id=22424, stack(0x0000005904300000,0x0000005904400000)]
  0x000001639e07e800 JavaThread "com.alibaba.nacos.client.Worker.longPolling.fixed-39.108.228.2_8848-66ba619e-cf35-40d5-b78f-72260f7de318" daemon [_thread_blocked, id=20704, stack(0x0000005904100000,0x0000005904200000)]
  0x000001639e07a800 JavaThread "com.alibaba.nacos.client.Worker.longPolling.fixed-39.108.228.2_8848-66ba619e-cf35-40d5-b78f-72260f7de318" daemon [_thread_blocked, id=7120, stack(0x0000005904000000,0x0000005904100000)]
  0x000001639e07d000 JavaThread "com.alibaba.nacos.client.Worker.longPolling.fixed-39.108.228.2_8848-66ba619e-cf35-40d5-b78f-72260f7de318" daemon [_thread_blocked, id=29612, stack(0x0000005903400000,0x0000005903500000)]
  0x000001639e076800 JavaThread "com.alibaba.nacos.client.Worker.longPolling.fixed-39.108.228.2_8848-66ba619e-cf35-40d5-b78f-72260f7de318" daemon [_thread_blocked, id=10636, stack(0x0000005903f00000,0x0000005904000000)]
  0x000001639e079000 JavaThread "com.alibaba.nacos.client.Worker.longPolling.fixed-39.108.228.2_8848-66ba619e-cf35-40d5-b78f-72260f7de318" daemon [_thread_blocked, id=8788, stack(0x0000005900800000,0x0000005900900000)]
  0x000001639e078800 JavaThread "com.alibaba.nacos.client.Worker.longPolling.fixed-39.108.228.2_8848-66ba619e-cf35-40d5-b78f-72260f7de318" daemon [_thread_blocked, id=10244, stack(0x0000005900700000,0x0000005900800000)]
  0x0000016396518800 JavaThread "com.alibaba.nacos.client.naming.updater" daemon [_thread_blocked, id=24032, stack(0x0000005900600000,0x0000005900700000)]
  0x000001639ada8800 JavaThread "com.alibaba.nacos.client.naming.updater" daemon [_thread_blocked, id=11592, stack(0x0000005906c00000,0x0000005906d00000)]
  0x00000163960a6000 JavaThread "com.alibaba.nacos.client.Worker.longPolling.fixed-39.108.228.2_8848-66ba619e-cf35-40d5-b78f-72260f7de318" daemon [_thread_blocked, id=23748, stack(0x0000005906b00000,0x0000005906c00000)]
  0x00000163960ad000 JavaThread "com.alibaba.nacos.naming.beat.sender" daemon [_thread_blocked, id=28716, stack(0x0000005906a00000,0x0000005906b00000)]
  0x00000163960ab000 JavaThread "com.alibaba.nacos.client.naming.updater" daemon [_thread_blocked, id=25348, stack(0x0000005903e00000,0x0000005903f00000)]
  0x000001639f705800 JavaThread "com.alibaba.nacos.naming.beat.sender" daemon [_thread_blocked, id=27552, stack(0x0000005906900000,0x0000005906a00000)]
  0x000001639f6fe000 JavaThread "com.alibaba.nacos.naming.beat.sender" daemon [_thread_blocked, id=13148, stack(0x0000005906800000,0x0000005906900000)]
  0x000001639f705000 JavaThread "com.alibaba.nacos.client.naming.updater" daemon [_thread_blocked, id=15640, stack(0x0000005903d00000,0x0000005903e00000)]
  0x000001639f6fd000 JavaThread "com.alibaba.nacos.naming.beat.sender" daemon [_thread_blocked, id=13044, stack(0x0000005906500000,0x0000005906600000)]
  0x000001639f701000 JavaThread "com.alibaba.nacos.naming.beat.sender" daemon [_thread_blocked, id=6396, stack(0x0000005904200000,0x0000005904300000)]
  0x000001639f6fc800 JavaThread "com.alibaba.nacos.client.Worker.longPolling.fixed-39.108.228.2_8848-66ba619e-cf35-40d5-b78f-72260f7de318" daemon [_thread_in_native, id=18760, stack(0x0000005906300000,0x0000005906400000)]
  0x000001639f6f8800 JavaThread "com.alibaba.nacos.client.Worker.longPolling.fixed-39.108.228.2_8848-66ba619e-cf35-40d5-b78f-72260f7de318" daemon [_thread_blocked, id=22980, stack(0x0000005906200000,0x0000005906300000)]
  0x000001639f6fb800 JavaThread "DestroyJavaVM" [_thread_blocked, id=17232, stack(0x0000005900900000,0x0000005900a00000)]
  0x000001639f6fa000 JavaThread "pool-4-thread-3" [_thread_blocked, id=29108, stack(0x0000005906100000,0x0000005906200000)]
  0x000001639f6ff800 JavaThread "com.alibaba.nacos.client.naming.updater" daemon [_thread_blocked, id=29232, stack(0x0000005906000000,0x0000005906100000)]
  0x000001639f6f7800 JavaThread "org.springframework.amqp.rabbit.RabbitListenerEndpointContainer#0-1" [_thread_blocked, id=13888, stack(0x0000005905f00000,0x0000005906000000)]
  0x000001639f6fa800 JavaThread "pool-4-thread-2" [_thread_blocked, id=26152, stack(0x0000005905e00000,0x0000005905f00000)]
  0x000001639e67c800 JavaThread "AMQP Connection 162.14.68.220:5672" [_thread_in_native, id=27620, stack(0x0000005905d00000,0x0000005905e00000)]
  0x000001639e67b000 JavaThread "com.alibaba.nacos.naming.beat.sender" daemon [_thread_blocked, id=5136, stack(0x0000005905c00000,0x0000005905d00000)]
  0x000001639e67a000 JavaThread "http-nio-11000-Acceptor" daemon [_thread_in_native, id=14592, stack(0x0000005905b00000,0x0000005905c00000)]
  0x000001639e679800 JavaThread "http-nio-11000-ClientPoller" daemon [_thread_in_native, id=15224, stack(0x0000005905a00000,0x0000005905b00000)]
  0x000001639e676800 JavaThread "http-nio-11000-exec-10" daemon [_thread_blocked, id=26088, stack(0x0000005905900000,0x0000005905a00000)]
  0x000001639e67c000 JavaThread "http-nio-11000-exec-9" daemon [_thread_blocked, id=24780, stack(0x0000005905800000,0x0000005905900000)]
  0x000001639e675800 JavaThread "http-nio-11000-exec-8" daemon [_thread_blocked, id=25860, stack(0x0000005905700000,0x0000005905800000)]
  0x000001639e673000 JavaThread "http-nio-11000-exec-7" daemon [_thread_blocked, id=25468, stack(0x0000005905600000,0x0000005905700000)]
  0x000001639e678800 JavaThread "http-nio-11000-exec-6" daemon [_thread_blocked, id=26916, stack(0x0000005905500000,0x0000005905600000)]
  0x000001639e674000 JavaThread "http-nio-11000-exec-5" daemon [_thread_blocked, id=18584, stack(0x0000005905400000,0x0000005905500000)]
  0x000001639e678000 JavaThread "http-nio-11000-exec-4" daemon [_thread_blocked, id=28676, stack(0x0000005905300000,0x0000005905400000)]
  0x000001639e677000 JavaThread "http-nio-11000-exec-3" daemon [_thread_blocked, id=28852, stack(0x0000005905200000,0x0000005905300000)]
  0x000001639e670000 JavaThread "http-nio-11000-exec-2" daemon [_thread_blocked, id=11204, stack(0x0000005905100000,0x0000005905200000)]
  0x000001639e66d800 JavaThread "http-nio-11000-exec-1" daemon [_thread_blocked, id=29572, stack(0x0000005905000000,0x0000005905100000)]
  0x000001639e66f800 JavaThread "http-nio-11000-BlockPoller" daemon [_thread_in_native, id=23816, stack(0x0000005904f00000,0x0000005905000000)]
  0x000001639e671000 JavaThread "Nacos-Watch-Task-Scheduler-1" [_thread_blocked, id=23364, stack(0x0000005904e00000,0x0000005904f00000)]
  0x000001639e674800 JavaThread "com.alibaba.nacos.client.naming.updater" daemon [_thread_blocked, id=24956, stack(0x0000005904d00000,0x0000005904e00000)]
  0x000001639e672800 JavaThread "nacos.publisher-com.alibaba.nacos.client.naming.event.InstancesChangeEvent" daemon [_thread_blocked, id=24112, stack(0x0000005904c00000,0x0000005904d00000)]
  0x000001639e671800 JavaThread "nacos.publisher-com.alibaba.nacos.common.notify.SlowEvent" daemon [_thread_blocked, id=12604, stack(0x0000005904b00000,0x0000005904c00000)]
  0x000001639e66e800 JavaThread "com.alibaba.nacos.naming.push.receiver" daemon [_thread_in_native, id=18668, stack(0x0000005904a00000,0x0000005904b00000)]
  0x000001639e107800 JavaThread "com.alibaba.nacos.naming.failover" daemon [_thread_blocked, id=10936, stack(0x0000005904900000,0x0000005904a00000)]
  0x000001639e106800 JavaThread "com.alibaba.nacos.client.naming.updater" daemon [_thread_blocked, id=18448, stack(0x0000005904800000,0x0000005904900000)]
  0x000001639e105800 JavaThread "com.alibaba.nacos.client.naming.updater" daemon [_thread_blocked, id=23704, stack(0x0000005904700000,0x0000005904800000)]
  0x000001639e0fc800 JavaThread "spring.cloud.inetutils" daemon [_thread_blocked, id=22408, stack(0x0000005904600000,0x0000005904700000)]
  0x00000163960aa000 JavaThread "mysql-cj-abandoned-connection-cleanup" daemon [_thread_blocked, id=24532, stack(0x0000005903c00000,0x0000005903d00000)]
  0x00000163960a0000 JavaThread "container-0" [_thread_blocked, id=26412, stack(0x0000005903b00000,0x0000005903c00000)]
  0x00000163960a4800 JavaThread "Catalina-utility-2" [_thread_blocked, id=24912, stack(0x0000005903500000,0x0000005903600000)]
  0x00000163960a1800 JavaThread "Catalina-utility-1" [_thread_blocked, id=26732, stack(0x0000005902d00000,0x0000005902e00000)]
  0x000001639adab000 JavaThread "com.alibaba.nacos.client.Worker.fixed-39.108.228.2_8848-66ba619e-cf35-40d5-b78f-72260f7de318" daemon [_thread_blocked, id=23252, stack(0x0000005903a00000,0x0000005903b00000)]
  0x000001639adaa000 JavaThread "com.alibaba.nacos.client.config.security.updater" daemon [_thread_blocked, id=14260, stack(0x0000005903900000,0x0000005903a00000)]
  0x000001639adac000 JavaThread "com.alibaba.nacos.client.identify.watcher.0" daemon [_thread_blocked, id=24144, stack(0x0000005903800000,0x0000005903900000)]
  0x0000016398e12800 JavaThread "RMI Scheduler(0)" daemon [_thread_blocked, id=24088, stack(0x0000005903600000,0x0000005903700000)]
  0x000001639650d000 JavaThread "RMI TCP Accept-0" daemon [_thread_in_native, id=18816, stack(0x0000005902100000,0x0000005902200000)]
  0x0000016396516000 JavaThread "Service Thread" daemon [_thread_blocked, id=17024, stack(0x0000005903200000,0x0000005903300000)]
  0x0000016397524800 JavaThread "C1 CompilerThread3" daemon [_thread_blocked, id=19588, stack(0x0000005903100000,0x0000005903200000)]
  0x000001639751c000 JavaThread "C2 CompilerThread2" daemon [_thread_blocked, id=27172, stack(0x0000005903000000,0x0000005903100000)]
  0x000001639751a000 JavaThread "C2 CompilerThread1" daemon [_thread_blocked, id=22036, stack(0x0000005902f00000,0x0000005903000000)]
  0x0000016397519000 JavaThread "C2 CompilerThread0" daemon [_thread_blocked, id=9560, stack(0x0000005902e00000,0x0000005902f00000)]
  0x0000016396515800 JavaThread "rebel-build-info" daemon [_thread_in_native, id=4324, stack(0x0000005902c00000,0x0000005902d00000)]
  0x0000016396519800 JavaThread "rebel-change-detector-thread" daemon [_thread_blocked, id=21064, stack(0x0000005902b00000,0x0000005902c00000)]
  0x000001639650e800 JavaThread "rebel-debugger-thread" daemon [_thread_blocked, id=28712, stack(0x0000005902500000,0x0000005902600000)]
  0x0000016396514800 JavaThread "rebel-debugger-attach-notifier" daemon [_thread_blocked, id=23960, stack(0x0000005902400000,0x0000005902500000)]
  0x0000016396514000 JavaThread "rebel-heartbeat-thread" daemon [_thread_blocked, id=12220, stack(0x0000005902300000,0x0000005902400000)]
  0x000001639650d800 JavaThread "rebel-redeploy-thread" daemon [_thread_blocked, id=20732, stack(0x0000005902200000,0x0000005902300000)]
  0x0000016396513000 JavaThread "rebel-leaseManager-1" daemon [_thread_blocked, id=21224, stack(0x0000005902000000,0x0000005902100000)]
  0x000001639650b000 JavaThread "rebel-messaging-executor-45" daemon [_thread_blocked, id=29072, stack(0x0000005901e00000,0x0000005901f00000)]
  0x0000016396511800 JavaThread "rebel-IDENotificationsImpl-PostCycle" daemon [_thread_blocked, id=15292, stack(0x0000005901d00000,0x0000005901e00000)]
  0x0000016396512800 JavaThread "rebel-weak-reaper" daemon [_thread_blocked, id=19760, stack(0x0000005901c00000,0x0000005901d00000)]
  0x0000016396510800 JavaThread "rebel-fsnotify-OutputReader" daemon [_thread_in_native, id=12252, stack(0x0000005902a00000,0x0000005902b00000)]
  0x000001639650f000 JavaThread "rebel-fsnotify-OutputReader" daemon [_thread_blocked, id=20572, stack(0x0000005902900000,0x0000005902a00000)]
  0x000001639650c000 JavaThread "rebel-fsnotify-ShutdownOnTermination" daemon [_thread_in_native, id=27740, stack(0x0000005902800000,0x0000005902900000)]
  0x00000163964b8800 JavaThread "rebel-CacheKeepAlive" daemon [_thread_blocked, id=22672, stack(0x0000005902700000,0x0000005902800000)]
  0x0000016396419000 JavaThread "rebel-logger" daemon [_thread_blocked, id=25660, stack(0x0000005902600000,0x0000005902700000)]
  0x000001639355e800 JavaThread "JDWP Command Reader" daemon [_thread_in_native, id=25856, stack(0x0000005901b00000,0x0000005901c00000)]
  0x0000016393558000 JavaThread "JDWP Event Helper Thread" daemon [_thread_blocked, id=25324, stack(0x0000005901a00000,0x0000005901b00000)]
  0x0000016394f9c000 JavaThread "JDWP Transport Listener: dt_socket" daemon [_thread_blocked, id=26500, stack(0x0000005901900000,0x0000005901a00000)]
  0x0000016394f95000 JavaThread "Attach Listener" daemon [_thread_blocked, id=7452, stack(0x0000005901800000,0x0000005901900000)]
  0x0000016394f68800 JavaThread "Signal Dispatcher" daemon [_thread_blocked, id=29360, stack(0x0000005901700000,0x0000005901800000)]
  0x0000016394ef7800 JavaThread "Finalizer" daemon [_thread_blocked, id=15840, stack(0x0000005901600000,0x0000005901700000)]
  0x000001639374d800 JavaThread "Reference Handler" daemon [_thread_blocked, id=23048, stack(0x0000005901500000,0x0000005901600000)]

Other Threads:
=>0x0000016393745800 VMThread [stack: 0x0000005901400000,0x0000005901500000] [id=10220]
  0x0000016398b26000 WatcherThread [stack: 0x0000005903300000,0x0000005903400000] [id=28252]

VM state:at safepoint (normal execution)

VM Mutex/Monitor currently owned by a thread:  ([mutex/lock_event])
[0x000001638184feb0] Threads_lock - owner thread: 0x0000016393745800

heap address: 0x00000000f9c00000, size: 100 MB, Compressed Oops mode: 32-bit
Narrow klass base: 0x0000000000000000, Narrow klass shift: 3
Compressed class space size: 1073741824 Address: 0x0000000100000000

Heap:
 PSYoungGen      total 31232K, used 27374K [0x00000000fdf00000, 0x0000000100000000, 0x0000000100000000)
  eden space 28672K, 91% used [0x00000000fdf00000,0x00000000ff8bff58,0x00000000ffb00000)
  from space 2560K, 39% used [0x00000000ffd80000,0x00000000ffe7bca0,0x0000000100000000)
  to   space 2560K, 0% used [0x00000000ffb00000,0x00000000ffb00000,0x00000000ffd80000)
 ParOldGen       total 68608K, used 49424K [0x00000000f9c00000, 0x00000000fdf00000, 0x00000000fdf00000)
  object space 68608K, 72% used [0x00000000f9c00000,0x00000000fcc44240,0x00000000fdf00000)
 Metaspace       used 79709K, capacity 83902K, committed 84120K, reserved 1122304K
  class space    used 9908K, capacity 10551K, committed 10672K, reserved 1048576K

Card table byte_map: [0x0000016392880000,0x00000163928c0000] byte_map_base: 0x00000163920b2000

Marking Bits: (ParMarkBitMap*) 0x0000000063107860
 Begin Bits: [0x00000163928f0000, 0x0000016392a80000)
 End Bits:   [0x0000016392a80000, 0x0000016392c10000)

Polling page: 0x0000016381970000

CodeCache: size=245760Kb used=20145Kb max_used=20145Kb free=225615Kb
 bounds [0x00000163834c0000, 0x0000016384880000, 0x00000163924c0000]
 total_blobs=12140 nmethods=11532 adapters=527
 compilation: enabled

Compilation events (10 events):
Event: 676.033 Thread 0x0000016397524800 11793       1       com.zeroturnaround.reload.b::a (4 bytes)
Event: 676.033 Thread 0x0000016397524800 nmethod 11793 0x000001638486e1d0 code [0x000001638486e320, 0x000001638486e418]
Event: 677.345 Thread 0x0000016397524800 11794   !   1       com.zeroturnaround.reload.e::a (187 bytes)
Event: 677.345 Thread 0x0000016397524800 nmethod 11794 0x000001638486e490 code [0x000001638486e6c0, 0x000001638486ed40]
Event: 677.345 Thread 0x0000016397524800 11795       1       com.zeroturnaround.reload.e::a (39 bytes)
Event: 677.346 Thread 0x0000016397524800 nmethod 11795 0x000001638486f4d0 code [0x000001638486f680, 0x000001638486f980]
Event: 677.346 Thread 0x0000016397524800 11796   !   1       com.zeroturnaround.reload.h::a (141 bytes)
Event: 677.346 Thread 0x0000016397524800 nmethod 11796 0x000001638486fcd0 code [0x000001638486fe80, 0x0000016384870180]
Event: 677.346 Thread 0x0000016397524800 11797       1       com.zeroturnaround.reload.h::a (62 bytes)
Event: 677.346 Thread 0x0000016397524800 nmethod 11797 0x0000016384870450 code [0x00000163848705a0, 0x0000016384870718]

GC Heap History (10 events):
Event: 21.443 GC heap before
{Heap before GC invocations=113 (full 3):
 PSYoungGen      total 31232K, used 29943K [0x00000000fdf00000, 0x0000000100000000, 0x0000000100000000)
  eden space 28672K, 100% used [0x00000000fdf00000,0x00000000ffb00000,0x00000000ffb00000)
  from space 2560K, 49% used [0x00000000ffb00000,0x00000000ffc3dfb0,0x00000000ffd80000)
  to   space 2560K, 0% used [0x00000000ffd80000,0x00000000ffd80000,0x0000000100000000)
 ParOldGen       total 68608K, used 47651K [0x00000000f9c00000, 0x00000000fdf00000, 0x00000000fdf00000)
  object space 68608K, 69% used [0x00000000f9c00000,0x00000000fca88e60,0x00000000fdf00000)
 Metaspace       used 76677K, capacity 80732K, committed 80920K, reserved 1120256K
  class space    used 9547K, capacity 10180K, committed 10288K, reserved 1048576K
Event: 21.448 GC heap after
Heap after GC invocations=113 (full 3):
 PSYoungGen      total 31232K, used 960K [0x00000000fdf00000, 0x0000000100000000, 0x0000000100000000)
  eden space 28672K, 0% used [0x00000000fdf00000,0x00000000fdf00000,0x00000000ffb00000)
  from space 2560K, 37% used [0x00000000ffd80000,0x00000000ffe70108,0x0000000100000000)
  to   space 2560K, 0% used [0x00000000ffb00000,0x00000000ffb00000,0x00000000ffd80000)
 ParOldGen       total 68608K, used 48232K [0x00000000f9c00000, 0x00000000fdf00000, 0x00000000fdf00000)
  object space 68608K, 70% used [0x00000000f9c00000,0x00000000fcb1a268,0x00000000fdf00000)
 Metaspace       used 76677K, capacity 80732K, committed 80920K, reserved 1120256K
  class space    used 9547K, capacity 10180K, committed 10288K, reserved 1048576K
}
Event: 21.527 GC heap before
{Heap before GC invocations=114 (full 3):
 PSYoungGen      total 31232K, used 29632K [0x00000000fdf00000, 0x0000000100000000, 0x0000000100000000)
  eden space 28672K, 100% used [0x00000000fdf00000,0x00000000ffb00000,0x00000000ffb00000)
  from space 2560K, 37% used [0x00000000ffd80000,0x00000000ffe70108,0x0000000100000000)
  to   space 2560K, 0% used [0x00000000ffb00000,0x00000000ffb00000,0x00000000ffd80000)
 ParOldGen       total 68608K, used 48232K [0x00000000f9c00000, 0x00000000fdf00000, 0x00000000fdf00000)
  object space 68608K, 70% used [0x00000000f9c00000,0x00000000fcb1a268,0x00000000fdf00000)
 Metaspace       used 77164K, capacity 81212K, committed 81432K, reserved 1120256K
  class space    used 9604K, capacity 10212K, committed 10288K, reserved 1048576K
Event: 21.533 GC heap after
Heap after GC invocations=114 (full 3):
 PSYoungGen      total 31232K, used 1431K [0x00000000fdf00000, 0x0000000100000000, 0x0000000100000000)
  eden space 28672K, 0% used [0x00000000fdf00000,0x00000000fdf00000,0x00000000ffb00000)
  from space 2560K, 55% used [0x00000000ffb00000,0x00000000ffc65f70,0x00000000ffd80000)
  to   space 2560K, 0% used [0x00000000ffd80000,0x00000000ffd80000,0x0000000100000000)
 ParOldGen       total 68608K, used 48392K [0x00000000f9c00000, 0x00000000fdf00000, 0x00000000fdf00000)
  object space 68608K, 70% used [0x00000000f9c00000,0x00000000fcb42108,0x00000000fdf00000)
 Metaspace       used 77164K, capacity 81212K, committed 81432K, reserved 1120256K
  class space    used 9604K, capacity 10212K, committed 10288K, reserved 1048576K
}
Event: 22.158 GC heap before
{Heap before GC invocations=115 (full 3):
 PSYoungGen      total 31232K, used 30103K [0x00000000fdf00000, 0x0000000100000000, 0x0000000100000000)
  eden space 28672K, 100% used [0x00000000fdf00000,0x00000000ffb00000,0x00000000ffb00000)
  from space 2560K, 55% used [0x00000000ffb00000,0x00000000ffc65f70,0x00000000ffd80000)
  to   space 2560K, 0% used [0x00000000ffd80000,0x00000000ffd80000,0x0000000100000000)
 ParOldGen       total 68608K, used 48392K [0x00000000f9c00000, 0x00000000fdf00000, 0x00000000fdf00000)
  object space 68608K, 70% used [0x00000000f9c00000,0x00000000fcb42108,0x00000000fdf00000)
 Metaspace       used 78207K, capacity 82340K, committed 82584K, reserved 1122304K
  class space    used 9728K, capacity 10386K, committed 10416K, reserved 1048576K
Event: 22.165 GC heap after
Heap after GC invocations=115 (full 3):
 PSYoungGen      total 31232K, used 1056K [0x00000000fdf00000, 0x0000000100000000, 0x0000000100000000)
  eden space 28672K, 0% used [0x00000000fdf00000,0x00000000fdf00000,0x00000000ffb00000)
  from space 2560K, 41% used [0x00000000ffd80000,0x00000000ffe88000,0x0000000100000000)
  to   space 2560K, 0% used [0x00000000ffb00000,0x00000000ffb00000,0x00000000ffd80000)
 ParOldGen       total 68608K, used 48672K [0x00000000f9c00000, 0x00000000fdf00000, 0x00000000fdf00000)
  object space 68608K, 70% used [0x00000000f9c00000,0x00000000fcb88050,0x00000000fdf00000)
 Metaspace       used 78207K, capacity 82340K, committed 82584K, reserved 1122304K
  class space    used 9728K, capacity 10386K, committed 10416K, reserved 1048576K
}
Event: 22.611 GC heap before
{Heap before GC invocations=116 (full 3):
 PSYoungGen      total 31232K, used 29728K [0x00000000fdf00000, 0x0000000100000000, 0x0000000100000000)
  eden space 28672K, 100% used [0x00000000fdf00000,0x00000000ffb00000,0x00000000ffb00000)
  from space 2560K, 41% used [0x00000000ffd80000,0x00000000ffe88000,0x0000000100000000)
  to   space 2560K, 0% used [0x00000000ffb00000,0x00000000ffb00000,0x00000000ffd80000)
 ParOldGen       total 68608K, used 48672K [0x00000000f9c00000, 0x00000000fdf00000, 0x00000000fdf00000)
  object space 68608K, 70% used [0x00000000f9c00000,0x00000000fcb88050,0x00000000fdf00000)
 Metaspace       used 79019K, capacity 83164K, committed 83480K, reserved 1122304K
  class space    used 9815K, capacity 10460K, committed 10544K, reserved 1048576K
Event: 22.616 GC heap after
Heap after GC invocations=116 (full 3):
 PSYoungGen      total 31232K, used 1262K [0x00000000fdf00000, 0x0000000100000000, 0x0000000100000000)
  eden space 28672K, 0% used [0x00000000fdf00000,0x00000000fdf00000,0x00000000ffb00000)
  from space 2560K, 49% used [0x00000000ffb00000,0x00000000ffc3ba88,0x00000000ffd80000)
  to   space 2560K, 0% used [0x00000000ffd80000,0x00000000ffd80000,0x0000000100000000)
 ParOldGen       total 68608K, used 49080K [0x00000000f9c00000, 0x00000000fdf00000, 0x00000000fdf00000)
  object space 68608K, 71% used [0x00000000f9c00000,0x00000000fcbee390,0x00000000fdf00000)
 Metaspace       used 79019K, capacity 83164K, committed 83480K, reserved 1122304K
  class space    used 9815K, capacity 10460K, committed 10544K, reserved 1048576K
}
Event: 57.947 GC heap before
{Heap before GC invocations=117 (full 3):
 PSYoungGen      total 31232K, used 29934K [0x00000000fdf00000, 0x0000000100000000, 0x0000000100000000)
  eden space 28672K, 100% used [0x00000000fdf00000,0x00000000ffb00000,0x00000000ffb00000)
  from space 2560K, 49% used [0x00000000ffb00000,0x00000000ffc3ba88,0x00000000ffd80000)
  to   space 2560K, 0% used [0x00000000ffd80000,0x00000000ffd80000,0x0000000100000000)
 ParOldGen       total 68608K, used 49080K [0x00000000f9c00000, 0x00000000fdf00000, 0x00000000fdf00000)
  object space 68608K, 71% used [0x00000000f9c00000,0x00000000fcbee390,0x00000000fdf00000)
 Metaspace       used 79482K, capacity 83654K, committed 83736K, reserved 1122304K
  class space    used 9884K, capacity 10531K, committed 10544K, reserved 1048576K
Event: 57.952 GC heap after
Heap after GC invocations=117 (full 3):
 PSYoungGen      total 31232K, used 1007K [0x00000000fdf00000, 0x0000000100000000, 0x0000000100000000)
  eden space 28672K, 0% used [0x00000000fdf00000,0x00000000fdf00000,0x00000000ffb00000)
  from space 2560K, 39% used [0x00000000ffd80000,0x00000000ffe7bca0,0x0000000100000000)
  to   space 2560K, 0% used [0x00000000ffb00000,0x00000000ffb00000,0x00000000ffd80000)
 ParOldGen       total 68608K, used 49424K [0x00000000f9c00000, 0x00000000fdf00000, 0x00000000fdf00000)
  object space 68608K, 72% used [0x00000000f9c00000,0x00000000fcc44240,0x00000000fdf00000)
 Metaspace       used 79482K, capacity 83654K, committed 83736K, reserved 1122304K
  class space    used 9884K, capacity 10531K, committed 10544K, reserved 1048576K
}

Deoptimization events (0 events):
No events

Classes redefined (8 events):
Event: 6.113 Thread 0x0000016393745800 redefined class name=com.zeroturnaround.jrebelbase.facade.ba, count=1
Event: 6.116 Thread 0x0000016393745800 redefined class name=com.zeroturnaround.jrebelbase.facade.au, count=1
Event: 6.117 Thread 0x0000016393745800 redefined class name=com.zeroturnaround.jrebelbase.facade.a, count=1
Event: 6.120 Thread 0x0000016393745800 redefined class name=com.zeroturnaround.jrebelbase.d, count=1
Event: 6.122 Thread 0x0000016393745800 redefined class name=com.zeroturnaround.jrebelbase.facade.f, count=1
Event: 6.124 Thread 0x0000016393745800 redefined class name=com.zeroturnaround.jrebelbase.facade.e, count=1
Event: 6.125 Thread 0x0000016393745800 redefined class name=com.zeroturnaround.jrebelbase.facade.g, count=1
Event: 6.127 Thread 0x0000016393745800 redefined class name=com.zeroturnaround.jrebelbase.facade.ad, count=1

Internal exceptions (10 events):
Event: 637.223 Thread 0x000001639e67c800 Exception <a 'java/net/SocketTimeoutException': Read timed out> (0x00000000fe2197f8) thrown at [C:\wsjdk\Corretto8Src\installers\windows\zip\corretto-build\buildRoot\src\hotspot\src\share\vm\prims\jni.cpp, line 738]
Event: 643.046 Thread 0x000001639adac000 Exception <a 'java/io/FileNotFoundException'> (0x00000000ff6870e8) thrown at [C:\wsjdk\Corretto8Src\installers\windows\zip\corretto-build\buildRoot\src\hotspot\src\share\vm\prims\jni.cpp, line 711]
Event: 643.046 Thread 0x000001639adac000 Exception <a 'java/io/FileNotFoundException'> (0x00000000ff6876c0) thrown at [C:\wsjdk\Corretto8Src\installers\windows\zip\corretto-build\buildRoot\src\hotspot\src\share\vm\prims\jni.cpp, line 711]
Event: 653.059 Thread 0x000001639adac000 Exception <a 'java/io/FileNotFoundException'> (0x00000000ff68db30) thrown at [C:\wsjdk\Corretto8Src\installers\windows\zip\corretto-build\buildRoot\src\hotspot\src\share\vm\prims\jni.cpp, line 711]
Event: 653.059 Thread 0x000001639adac000 Exception <a 'java/io/FileNotFoundException'> (0x00000000ff68e108) thrown at [C:\wsjdk\Corretto8Src\installers\windows\zip\corretto-build\buildRoot\src\hotspot\src\share\vm\prims\jni.cpp, line 711]
Event: 663.060 Thread 0x000001639adac000 Exception <a 'java/io/FileNotFoundException'> (0x00000000ff73a568) thrown at [C:\wsjdk\Corretto8Src\installers\windows\zip\corretto-build\buildRoot\src\hotspot\src\share\vm\prims\jni.cpp, line 711]
Event: 663.060 Thread 0x000001639adac000 Exception <a 'java/io/FileNotFoundException'> (0x00000000ff73ab40) thrown at [C:\wsjdk\Corretto8Src\installers\windows\zip\corretto-build\buildRoot\src\hotspot\src\share\vm\prims\jni.cpp, line 711]
Event: 667.231 Thread 0x000001639e67c800 Exception <a 'java/net/SocketTimeoutException': Read timed out> (0x00000000fe219a80) thrown at [C:\wsjdk\Corretto8Src\installers\windows\zip\corretto-build\buildRoot\src\hotspot\src\share\vm\prims\jni.cpp, line 738]
Event: 673.072 Thread 0x000001639adac000 Exception <a 'java/io/FileNotFoundException'> (0x00000000ff7928d8) thrown at [C:\wsjdk\Corretto8Src\installers\windows\zip\corretto-build\buildRoot\src\hotspot\src\share\vm\prims\jni.cpp, line 711]
Event: 673.072 Thread 0x000001639adac000 Exception <a 'java/io/FileNotFoundException'> (0x00000000ff792eb0) thrown at [C:\wsjdk\Corretto8Src\installers\windows\zip\corretto-build\buildRoot\src\hotspot\src\share\vm\prims\jni.cpp, line 711]

Events (10 events):
Event: 677.427 Executing VM operation: RevokeBias done
Event: 677.427 Thread 0x000001639e674800 DEOPT PACKING pc=0x000001638475123c sp=0x0000005904dfe280
Event: 677.427 Thread 0x000001639e674800 DEOPT UNPACKING pc=0x00000163835071d8 sp=0x0000005904dfe2d8 mode 1
Event: 677.453 loading class com/zeroturnaround/javarebel/mo
Event: 677.453 loading class com/zeroturnaround/javarebel/mo done
Event: 677.454 loading class com/zeroturnaround/reload/am
Event: 677.454 loading class com/zeroturnaround/reload/ao
Event: 677.454 loading class com/zeroturnaround/reload/ao done
Event: 677.454 loading class com/zeroturnaround/reload/am done
Event: 677.456 Executing VM operation: RedefineClasses


Dynamic libraries:
0x00007ff77d610000 - 0x00007ff77d64a000 	C:\Users\miozus\.jdks\corretto-1.8.0_322\bin\java.exe
0x00007ffacec00000 - 0x00007ffacee07000 	C:\Windows\SYSTEM32\ntdll.dll
0x00007ffacdc40000 - 0x00007ffacdcfd000 	C:\Windows\System32\KERNEL32.DLL
0x00007ffacc4a0000 - 0x00007ffacc814000 	C:\Windows\System32\KERNELBASE.dll
0x00007ffacdb90000 - 0x00007ffacdc3e000 	C:\Windows\System32\ADVAPI32.dll
0x00007ffaccaa0000 - 0x00007ffaccb43000 	C:\Windows\System32\msvcrt.dll
0x00007ffacdaf0000 - 0x00007ffacdb8e000 	C:\Windows\System32\sechost.dll
0x00007ffacd850000 - 0x00007ffacd970000 	C:\Windows\System32\RPCRT4.dll
0x00007ffaccc70000 - 0x00007ffacce1c000 	C:\Windows\System32\USER32.dll
0x00007ffacc0f0000 - 0x00007ffacc116000 	C:\Windows\System32\win32u.dll
0x00007ffacd970000 - 0x00007ffacd999000 	C:\Windows\System32\GDI32.dll
0x00007ffacc300000 - 0x00007ffacc412000 	C:\Windows\System32\gdi32full.dll
0x00007ffacca00000 - 0x00007ffacca9d000 	C:\Windows\System32\msvcp_win.dll
0x00007ffacc120000 - 0x00007ffacc231000 	C:\Windows\System32\ucrtbase.dll
0x00007ffacb2d0000 - 0x00007ffacb575000 	C:\Windows\WinSxS\amd64_microsoft.windows.common-controls_6595b64144ccf1df_6.0.22000.120_none_9d947278b86cc467\COMCTL32.dll
0x00007ffaccf40000 - 0x00007ffaccf71000 	C:\Windows\System32\IMM32.DLL
0x00007ffaa8c80000 - 0x00007ffaa8d6f000 	C:\Users\miozus\.jdks\corretto-1.8.0_322\jre\bin\msvcr120.dll
0x00007ffaa8bd0000 - 0x00007ffaa8c76000 	C:\Users\miozus\.jdks\corretto-1.8.0_322\jre\bin\msvcp120.dll
0x0000000062910000 - 0x0000000063186000 	C:\Users\miozus\.jdks\corretto-1.8.0_322\jre\bin\server\jvm.dll
0x00007ffacdd30000 - 0x00007ffacdd38000 	C:\Windows\System32\PSAPI.DLL
0x00007ffac9860000 - 0x00007ffac9893000 	C:\Windows\SYSTEM32\WINMM.dll
0x00007ffaa6c80000 - 0x00007ffaa6c89000 	C:\Windows\SYSTEM32\WSOCK32.dll
0x00007ffacd590000 - 0x00007ffacd5ff000 	C:\Windows\System32\WS2_32.dll
0x00007ffac3c90000 - 0x00007ffac3c9a000 	C:\Windows\SYSTEM32\VERSION.dll
0x00007ffacb7d0000 - 0x00007ffacb7df000 	C:\Users\miozus\.jdks\corretto-1.8.0_322\jre\bin\verify.dll
0x00007ffac6330000 - 0x00007ffac6359000 	C:\Users\miozus\.jdks\corretto-1.8.0_322\jre\bin\java.dll
0x00007ffaa91e0000 - 0x00007ffaa9215000 	C:\Users\miozus\.jdks\corretto-1.8.0_322\jre\bin\jdwp.dll
0x00007ffac7450000 - 0x00007ffac7458000 	C:\Users\miozus\.jdks\corretto-1.8.0_322\jre\bin\npt.dll
0x00007ffaa8a90000 - 0x00007ffaa8add000 	E:\JetBrains\Toolbox\apps\IDEA-U\ch-0\213.5744.223.plugins\jr-ide-idea\lib\jrebel6\lib\jrebel64.dll
0x00007ffacdd60000 - 0x00007fface50e000 	C:\Windows\System32\SHELL32.dll
0x00007ffacb170000 - 0x00007ffacb17c000 	C:\Windows\SYSTEM32\CRYPTBASE.DLL
0x00007ffaccf80000 - 0x00007ffacd06a000 	C:\Windows\System32\shcore.dll
0x00007ffaa87e0000 - 0x00007ffaa880a000 	C:\Users\miozus\.jdks\corretto-1.8.0_322\jre\bin\instrument.dll
0x00007ffac61e0000 - 0x00007ffac61f6000 	C:\Users\miozus\.jdks\corretto-1.8.0_322\jre\bin\zip.dll
0x00007ffac9ba0000 - 0x00007ffaca407000 	C:\Windows\SYSTEM32\windows.storage.dll
0x00007ffacd070000 - 0x00007ffacd3e8000 	C:\Windows\System32\combase.dll
0x00007ffac9a30000 - 0x00007ffac9b96000 	C:\Windows\SYSTEM32\wintypes.dll
0x00007ffacda90000 - 0x00007ffacdaed000 	C:\Windows\System32\shlwapi.dll
0x00007ffacc020000 - 0x00007ffacc041000 	C:\Windows\SYSTEM32\profapi.dll
0x00007ffaab1d0000 - 0x00007ffaab1d9000 	C:\Users\miozus\.jdks\corretto-1.8.0_322\jre\bin\dt_socket.dll
0x00007ffacb100000 - 0x00007ffacb167000 	C:\Windows\system32\mswsock.dll
0x00007ffaacaf0000 - 0x00007ffaacb0a000 	C:\Users\miozus\.jdks\corretto-1.8.0_322\jre\bin\net.dll
0x00007ffaa9220000 - 0x00007ffaa9232000 	C:\Users\miozus\.jdks\corretto-1.8.0_322\jre\bin\nio.dll
0x00007ffaa85c0000 - 0x00007ffaa85e3000 	C:\Users\miozus\.jdks\corretto-1.8.0_322\jre\bin\sunec.dll
0x00007ffac62c0000 - 0x00007ffac62cd000 	C:\Users\miozus\.jdks\corretto-1.8.0_322\jre\bin\management.dll
0x00007ffab4020000 - 0x00007ffab402c000 	C:\Users\miozus\.jdks\corretto-1.8.0_322\jre\bin\sunmscapi.dll
0x00007ffacc890000 - 0x00007ffacc9f2000 	C:\Windows\System32\CRYPT32.dll
0x00007ffacb620000 - 0x00007ffacb648000 	C:\Windows\SYSTEM32\ncrypt.dll
0x00007ffacb5c0000 - 0x00007ffacb5f7000 	C:\Windows\SYSTEM32\NTASN1.dll
0x00007ffaa8580000 - 0x00007ffaa859b000 	C:\Users\miozus\.jrebel\jrebel-temp\ver-4b596bcb\IdeaWin64.dll
0x00007ffacbda0000 - 0x00007ffacbdb8000 	C:\Windows\SYSTEM32\CRYPTSP.dll
0x00007ffacab00000 - 0x00007ffacab35000 	C:\Windows\system32\rsaenh.dll
0x00007ffacaf80000 - 0x00007ffacafa9000 	C:\Windows\SYSTEM32\USERENV.dll
0x00007ffacba10000 - 0x00007ffacba37000 	C:\Windows\SYSTEM32\bcrypt.dll
0x00007ffacc420000 - 0x00007ffacc49f000 	C:\Windows\System32\bcryptprimitives.dll
0x00007ffaca660000 - 0x00007ffaca68d000 	C:\Windows\SYSTEM32\IPHLPAPI.DLL
0x00007ffacd690000 - 0x00007ffacd699000 	C:\Windows\System32\NSI.dll
0x00007ffac7460000 - 0x00007ffac7479000 	C:\Windows\SYSTEM32\dhcpcsvc6.DLL
0x00007ffac7650000 - 0x00007ffac766e000 	C:\Windows\SYSTEM32\dhcpcsvc.DLL
0x00007ffaca6d0000 - 0x00007ffaca7b7000 	C:\Windows\SYSTEM32\DNSAPI.dll
0x00007ffabe3e0000 - 0x00007ffabe3ea000 	C:\Windows\System32\rasadhlp.dll
0x00007ffac6700000 - 0x00007ffac6781000 	C:\Windows\System32\fwpuclnt.dll
0x00007ffab5890000 - 0x00007ffab58a7000 	C:\Windows\system32\napinsp.dll
0x00007ffab5830000 - 0x00007ffab584b000 	C:\Windows\system32\pnrpnsp.dll
0x00007ffab5700000 - 0x00007ffab5712000 	C:\Windows\System32\winrnr.dll
0x00007ffac66e0000 - 0x00007ffac66f5000 	C:\Windows\system32\wshbth.dll
0x00007ffab56b0000 - 0x00007ffab56cf000 	C:\Windows\system32\nlansp_c.dll
0x00007ffacba40000 - 0x00007ffacbc61000 	C:\Windows\SYSTEM32\dbghelp.dll
0x00007ffa431c0000 - 0x00007ffa43234000 	C:\Windows\SYSTEM32\symsrv.dll

VM Arguments:
jvm_args: -agentlib:jdwp=transport=dt_socket,address=127.0.0.1:55001,suspend=y,server=n -Drebel.base=C:\Users\miozus\.jrebel -Drebel.env.ide.plugin.version=2022.1.0 -Drebel.env.ide.version=2021.3 -Drebel.env.ide.product=IU -Drebel.env.ide=intellij -Drebel.notification.url=http://localhost:17434 -agentpath:E:\JetBrains\Toolbox\apps\IDEA-U\ch-0\213.5744.223.plugins\jr-ide-idea\lib\jrebel6\lib\jrebel64.dll -Dvisualvm.id=77403829175100 -Xmx100m -XX:TieredStopAtLevel=1 -Xverify:none -Dspring.output.ansi.enabled=always -javaagent:E:\JetBrains\Toolbox\apps\IDEA-U\ch-0\213.5744.223\plugins\java\lib\rt\debugger-agent.jar -Dcom.sun.management.jmxremote -Dspring.jmx.enabled=true -Dspring.liveBeansView.mbeanDomain -Dspring.application.admin.enabled=true -Dfile.encoding=UTF-8 
java_command: cn.miozus.gulimall.ware.GulimallWareApplication
java_class_path (initial): C:\Users\miozus\.jdks\corretto-1.8.0_322\jre\lib\charsets.jar;C:\Users\miozus\.jdks\corretto-1.8.0_322\jre\lib\ext\access-bridge-64.jar;C:\Users\miozus\.jdks\corretto-1.8.0_322\jre\lib\ext\cldrdata.jar;C:\Users\miozus\.jdks\corretto-1.8.0_322\jre\lib\ext\dnsns.jar;C:\Users\miozus\.jdks\corretto-1.8.0_322\jre\lib\ext\jaccess.jar;C:\Users\miozus\.jdks\corretto-1.8.0_322\jre\lib\ext\jfxrt.jar;C:\Users\miozus\.jdks\corretto-1.8.0_322\jre\lib\ext\localedata.jar;C:\Users\miozus\.jdks\corretto-1.8.0_322\jre\lib\ext\nashorn.jar;C:\Users\miozus\.jdks\corretto-1.8.0_322\jre\lib\ext\sunec.jar;C:\Users\miozus\.jdks\corretto-1.8.0_322\jre\lib\ext\sunjce_provider.jar;C:\Users\miozus\.jdks\corretto-1.8.0_322\jre\lib\ext\sunmscapi.jar;C:\Users\miozus\.jdks\corretto-1.8.0_322\jre\lib\ext\sunpkcs11.jar;C:\Users\miozus\.jdks\corretto-1.8.0_322\jre\lib\ext\zipfs.jar;C:\Users\miozus\.jdks\corretto-1.8.0_322\jre\lib\jce.jar;C:\Users\miozus\.jdks\corretto-1.8.0_322\jre\lib\jfr.jar;C:\Users\miozus\.jdks\corretto-1.8.0_322\jre\lib\jfxswt.jar;C:\Users\miozus\.jdks\corretto-1.8.0_322\jre\lib\jsse.jar;C:\Users\miozus\.jdks\corretto-1.8.0_322\jre\lib\management-agent.jar;C:\Users\miozus\.jdks\corretto-1.8.0_322\jre\lib\resources.jar;C:\Users\miozus\.jdks\corretto-1.8.0_322\jre\lib\rt.jar;E:\projects\IdeaProjects\gulimall\gulimall-ware\target\classes;C:\Users\miozus\.m2\repository\org\springframework\boot\spring-boot-starter-amqp\2.3.2.RELEASE\spring-boot-starter-amqp-2.3.2.RELEASE.jar;C:\Users\miozus\.m2\repository\org\springframework\boot\spring-boot-starter\2.3.2.RELEASE\spring-boot-starter-2.3.2.RELEASE.jar;C:\Users\miozus\.m2\repository\org\springframework\boot\spring-boot\2.3.2.RELEASE\spring-boot-2.3.2.RELEASE.jar;C:\Users\miozus\.m2\repository\org\springframework\boot\spring-boot-autoconfigure\2.3.2.RELEASE\spring-boot-autoconfigure-2.3.2.RELEASE.jar;C:\Users\miozus\.m2\repository\org\springframework\boot\spring-boot-starter-logging\2.3.2.RELEASE\spring-boot-
Launcher Type: SUN_STANDARD

Environment Variables:
JAVA_HOME=E:\Java\JDK\corretto-1.8.0_312
CLASSPATH=.E:\Java\JDK\corretto-1.8.0_312\lib;E:\Java\JDK\corretto-1.8.0_312\lib\dt.jar;E:\Java\JDK\corretto-1.8.0_312\lib\tools.jar;
PATH=C:\Program Files\Common Files\Oracle\Java\javapath;C:\Windows\system32;C:\Windows;C:\Windows\System32\Wbem;C:\Windows\System32\WindowsPowerShell\v1.0\;C:\Windows\System32\OpenSSH\;E:\Git\cmd;E:\Java\JDK\corretto-1.8.0_312\bin;E:\Java\JDK\corretto-1.8.0_312\jre\bin;C:\Users\miozus\AppData\Roaming\nvm;C:\Program Files\nodejs;E:\Neovim\bin;E:\miniconda3;E:\miniconda3\Scripts;E:\miniconda3\Library\bin;E:\Python\Python310\Scripts\;E:\Python\Python310\;C:\Users\miozus\AppData\Local\Microsoft\WindowsApps;E:\Java\JDK\corretto-1.8.0_312\bin;C:\Users\miozus\AppData\Roaming\nvm;C:\Program Files\nodejs;E:\Neovim\bin;E:\Microsoft VS Code\bin;E:\miniconda3;E:\miniconda3\Scripts;E:\miniconda3\Library\bin;D:\TOOLS\Bandzip\Bandizip;D:\TOOLS\Bandizip
USERNAME=miozus
OS=Windows_NT
PROCESSOR_IDENTIFIER=AMD64 Family 23 Model 113 Stepping 0, AuthenticAMD



---------------  S Y S T E M  ---------------

OS: Windows 10.0 , 64 bit Build 22000 (10.0.22000.434)

CPU:total 12 (initial active 12) (12 cores per cpu, 1 threads per core) family 23 model 113 stepping 0, cmov, cx8, fxsr, mmx, sse, sse2, sse3, ssse3, sse4.1, sse4.2, popcnt, avx, avx2, aes, clmul, mmxext, 3dnowpref, lzcnt, sse4a, tsc, tscinvbit, tscinv, bmi1

Memory: 4k page, physical 33478228k(12670684k free), swap 52352596k(23903524k free)

vm_info: OpenJDK 64-Bit Server VM (25.322-b06) for windows-amd64 JRE (1.8.0_322-b06), built on Jan 13 2022 23:37:51 by "Administrator" with MS VC++ 12.0 (VS2013)

time: Tue Jan 25 17:46:53 2022
timezone: ?D1¨²¡À¨º¡Á?¨º¡À??
elapsed time: 677.717611 seconds (0d 0h 11m 17s)

